;  LST file generated by mikroListExporter - v.2.0 
; Date/Time: 6/6/2023 12:08:22 AM
;----------------------------------------------

;Address Opcode 	ASM
0x0000	0x2B30      	GOTO       816
_LCD_Char:
;MyProject.c,119 :: 		void LCD_Char (unsigned char chardata) /* LCD data write function */
;MyProject.c,121 :: 		ldata = (ldata & 0x0f) | (0xF0 & chardata);  /*Send higher nibble of data first to PORT*/
0x0003	0x300F      	MOVLW      15
0x0004	0x1283      	BCF        STATUS, 5
0x0005	0x1303      	BCF        STATUS, 6
0x0006	0x0508      	ANDWF      PORTD, 0
0x0007	0x00F1      	MOVWF      R1
0x0008	0x30F0      	MOVLW      240
0x0009	0x1683      	BSF        STATUS, 5
0x000A	0x0561      	ANDWF      FARG_LCD_Char_chardata, 0
0x000B	0x00F0      	MOVWF      R0
0x000C	0x0870      	MOVF       R0, 0
0x000D	0x0471      	IORWF      R1, 0
0x000E	0x1283      	BCF        STATUS, 5
0x000F	0x0088      	MOVWF      PORTD
;MyProject.c,122 :: 		RS = 1;  /*Data Register is selected*/
0x0010	0x1408      	BSF        RD0_bit, BitPos(RD0_bit+0)
;MyProject.c,123 :: 		EN = 1;  /*High-to-low pulse on Enable pin to latch data*/
0x0011	0x1488      	BSF        RD1_bit, BitPos(RD1_bit+0)
;MyProject.c,124 :: 		asm NOP;
0x0012	0x0000      	NOP
;MyProject.c,125 :: 		EN = 0;
0x0013	0x1088      	BCF        RD1_bit, BitPos(RD1_bit+0)
;MyProject.c,126 :: 		Delay_ms(1);
0x0014	0x3003      	MOVLW      3
0x0015	0x00FC      	MOVWF      R12
0x0016	0x3097      	MOVLW      151
0x0017	0x00FD      	MOVWF      R13
L_LCD_Char7:
0x0018	0x0BFD      	DECFSZ     R13, 1
0x0019	0x2818      	GOTO       L_LCD_Char7
0x001A	0x0BFC      	DECFSZ     R12, 1
0x001B	0x2818      	GOTO       L_LCD_Char7
0x001C	0x0000      	NOP
0x001D	0x0000      	NOP
;MyProject.c,127 :: 		ldata = (ldata & 0x0f) | (chardata<<4);  /*Send lower nibble of data to PORT*/
0x001E	0x300F      	MOVLW      15
0x001F	0x0508      	ANDWF      PORTD, 0
0x0020	0x00F2      	MOVWF      R2
0x0021	0x1683      	BSF        STATUS, 5
0x0022	0x0861      	MOVF       FARG_LCD_Char_chardata, 0
0x0023	0x00F0      	MOVWF      R0
0x0024	0x0DF0      	RLF        R0, 1
0x0025	0x1070      	BCF        R0, 0
0x0026	0x0DF0      	RLF        R0, 1
0x0027	0x1070      	BCF        R0, 0
0x0028	0x0DF0      	RLF        R0, 1
0x0029	0x1070      	BCF        R0, 0
0x002A	0x0DF0      	RLF        R0, 1
0x002B	0x1070      	BCF        R0, 0
0x002C	0x0870      	MOVF       R0, 0
0x002D	0x0472      	IORWF      R2, 0
0x002E	0x1283      	BCF        STATUS, 5
0x002F	0x0088      	MOVWF      PORTD
;MyProject.c,128 :: 		EN = 1;  /*High-to-low pulse on Enable pin to latch data*/
0x0030	0x1488      	BSF        RD1_bit, BitPos(RD1_bit+0)
;MyProject.c,129 :: 		asm NOP;
0x0031	0x0000      	NOP
;MyProject.c,130 :: 		EN = 0;
0x0032	0x1088      	BCF        RD1_bit, BitPos(RD1_bit+0)
;MyProject.c,131 :: 		Delay_ms(3);
0x0033	0x3008      	MOVLW      8
0x0034	0x00FC      	MOVWF      R12
0x0035	0x30C9      	MOVLW      201
0x0036	0x00FD      	MOVWF      R13
L_LCD_Char8:
0x0037	0x0BFD      	DECFSZ     R13, 1
0x0038	0x2837      	GOTO       L_LCD_Char8
0x0039	0x0BFC      	DECFSZ     R12, 1
0x003A	0x2837      	GOTO       L_LCD_Char8
0x003B	0x0000      	NOP
0x003C	0x0000      	NOP
;MyProject.c,132 :: 		}
L_end_LCD_Char:
0x003D	0x0008      	RETURN
; end of _LCD_Char
_____DoICP:
;__Lib_System.c,6 :: 		
;__Lib_System.c,9 :: 		
0x003E	0x1683      	BSF        STATUS, 5
0x003F	0x1303      	BCF        STATUS, 6
0x0040	0x085A      	MOVF       ___DoICPAddr+1, 0
0x0041	0x008A      	MOVWF      PCLATH
;__Lib_System.c,10 :: 		
0x0042	0x0859      	MOVF       ___DoICPAddr, 0
0x0043	0x0082      	MOVWF      PCL
;__Lib_System.c,12 :: 		
L_end_____DoICP:
0x0044	0x0008      	RETURN
; end of _____DoICP
_Mul_8X8_U:
;__Lib_Math.c,103 :: 		
;__Lib_Math.c,108 :: 		
0x0045	0x1283      	BCF        STATUS, 5
;__Lib_Math.c,109 :: 		
0x0046	0x1303      	BCF        STATUS, 6
;__Lib_Math.c,110 :: 		
0x0047	0x0870      	MOVF       R0, 0
;__Lib_Math.c,111 :: 		
0x0048	0x00F1      	MOVWF      R1
;__Lib_Math.c,112 :: 		
0x0049	0x01F0      	CLRF       R0
;__Lib_Math.c,113 :: 		
0x004A	0x3008      	MOVLW      8
;__Lib_Math.c,114 :: 		
0x004B	0x00FC      	MOVWF      R12
;__Lib_Math.c,115 :: 		
0x004C	0x0871      	MOVF       R1, 0
;__Lib_Math.c,116 :: 		
0x004D	0x0CF4      	RRF        R4, 1
;__Lib_Math.c,117 :: 		
0x004E	0x1803      	BTFSC      STATUS, 0
;__Lib_Math.c,118 :: 		
0x004F	0x2854      	GOTO       $+5
;__Lib_Math.c,119 :: 		
0x0050	0x0BFC      	DECFSZ     R12, 1
;__Lib_Math.c,120 :: 		
0x0051	0x284D      	GOTO       $-4
;__Lib_Math.c,121 :: 		
0x0052	0x01F1      	CLRF       R1
;__Lib_Math.c,122 :: 		
0x0053	0x3400      	RETLW      0
;__Lib_Math.c,123 :: 		
0x0054	0x1003      	BCF        STATUS, 0
;__Lib_Math.c,124 :: 		
0x0055	0x2859      	GOTO       $+4
;__Lib_Math.c,125 :: 		
0x0056	0x0CF4      	RRF        R4, 1
;__Lib_Math.c,126 :: 		
0x0057	0x1803      	BTFSC      STATUS, 0
;__Lib_Math.c,127 :: 		
0x0058	0x07F1      	ADDWF      R1, 1
;__Lib_Math.c,128 :: 		
0x0059	0x0CF1      	RRF        R1, 1
;__Lib_Math.c,129 :: 		
0x005A	0x0CF0      	RRF        R0, 1
;__Lib_Math.c,130 :: 		
0x005B	0x0BFC      	DECFSZ     R12, 1
;__Lib_Math.c,131 :: 		
0x005C	0x2856      	GOTO       $-6
;__Lib_Math.c,133 :: 		
;__Lib_Math.c,134 :: 		
L_end_Mul_8X8_U:
0x005D	0x0008      	RETURN
; end of _Mul_8X8_U
_LCD_command:
;MyProject.c,79 :: 		void LCD_command(unsigned char cmnd)
;MyProject.c,81 :: 		ldata = (ldata & 0x0f) |(0xF0 & cmnd);  /*Send higher nibble of command first to PORT*/
0x005E	0x300F      	MOVLW      15
0x005F	0x1283      	BCF        STATUS, 5
0x0060	0x1303      	BCF        STATUS, 6
0x0061	0x0508      	ANDWF      PORTD, 0
0x0062	0x00F1      	MOVWF      R1
0x0063	0x30F0      	MOVLW      240
0x0064	0x1683      	BSF        STATUS, 5
0x0065	0x0560      	ANDWF      FARG_LCD_command_cmnd, 0
0x0066	0x00F0      	MOVWF      R0
0x0067	0x0870      	MOVF       R0, 0
0x0068	0x0471      	IORWF      R1, 0
0x0069	0x1283      	BCF        STATUS, 5
0x006A	0x0088      	MOVWF      PORTD
;MyProject.c,82 :: 		RS = 0;  /*Command Register is selected i.e.RS=0*/
0x006B	0x1008      	BCF        RD0_bit, BitPos(RD0_bit+0)
;MyProject.c,83 :: 		EN = 1;  /*High-to-low pulse on Enable pin to latch data*/
0x006C	0x1488      	BSF        RD1_bit, BitPos(RD1_bit+0)
;MyProject.c,84 :: 		asm NOP;
0x006D	0x0000      	NOP
;MyProject.c,85 :: 		EN = 0;
0x006E	0x1088      	BCF        RD1_bit, BitPos(RD1_bit+0)
;MyProject.c,86 :: 		Delay_ms(1);
0x006F	0x3003      	MOVLW      3
0x0070	0x00FC      	MOVWF      R12
0x0071	0x3097      	MOVLW      151
0x0072	0x00FD      	MOVWF      R13
L_LCD_command1:
0x0073	0x0BFD      	DECFSZ     R13, 1
0x0074	0x2873      	GOTO       L_LCD_command1
0x0075	0x0BFC      	DECFSZ     R12, 1
0x0076	0x2873      	GOTO       L_LCD_command1
0x0077	0x0000      	NOP
0x0078	0x0000      	NOP
;MyProject.c,87 :: 		ldata = (ldata & 0x0f) | (cmnd<<4);  /*Send lower nibble of command to PORT */
0x0079	0x300F      	MOVLW      15
0x007A	0x0508      	ANDWF      PORTD, 0
0x007B	0x00F2      	MOVWF      R2
0x007C	0x1683      	BSF        STATUS, 5
0x007D	0x0860      	MOVF       FARG_LCD_command_cmnd, 0
0x007E	0x00F0      	MOVWF      R0
0x007F	0x0DF0      	RLF        R0, 1
0x0080	0x1070      	BCF        R0, 0
0x0081	0x0DF0      	RLF        R0, 1
0x0082	0x1070      	BCF        R0, 0
0x0083	0x0DF0      	RLF        R0, 1
0x0084	0x1070      	BCF        R0, 0
0x0085	0x0DF0      	RLF        R0, 1
0x0086	0x1070      	BCF        R0, 0
0x0087	0x0870      	MOVF       R0, 0
0x0088	0x0472      	IORWF      R2, 0
0x0089	0x1283      	BCF        STATUS, 5
0x008A	0x0088      	MOVWF      PORTD
;MyProject.c,88 :: 		EN = 1;
0x008B	0x1488      	BSF        RD1_bit, BitPos(RD1_bit+0)
;MyProject.c,89 :: 		asm NOP;
0x008C	0x0000      	NOP
;MyProject.c,90 :: 		EN = 0;
0x008D	0x1088      	BCF        RD1_bit, BitPos(RD1_bit+0)
;MyProject.c,91 :: 		Delay_ms(3);
0x008E	0x3008      	MOVLW      8
0x008F	0x00FC      	MOVWF      R12
0x0090	0x30C9      	MOVLW      201
0x0091	0x00FD      	MOVWF      R13
L_LCD_command2:
0x0092	0x0BFD      	DECFSZ     R13, 1
0x0093	0x2892      	GOTO       L_LCD_command2
0x0094	0x0BFC      	DECFSZ     R12, 1
0x0095	0x2892      	GOTO       L_LCD_command2
0x0096	0x0000      	NOP
0x0097	0x0000      	NOP
;MyProject.c,92 :: 		}
L_end_LCD_command:
0x0098	0x0008      	RETURN
; end of _LCD_command
_Div_16X16_U:
;__Lib_Math.c,215 :: 		
;__Lib_Math.c,222 :: 		
0x0099	0x1283      	BCF        STATUS, 5
;__Lib_Math.c,223 :: 		
0x009A	0x1303      	BCF        STATUS, 6
;__Lib_Math.c,224 :: 		
0x009B	0x01F8      	CLRF       R8
;__Lib_Math.c,225 :: 		
0x009C	0x01F9      	CLRF       R9
;__Lib_Math.c,226 :: 		
0x009D	0x3010      	MOVLW      16
;__Lib_Math.c,227 :: 		
0x009E	0x00FC      	MOVWF      R12
;__Lib_Math.c,228 :: 		
0x009F	0x0D71      	RLF        R1, 0
;__Lib_Math.c,229 :: 		
0x00A0	0x0DF8      	RLF        R8, 1
;__Lib_Math.c,230 :: 		
0x00A1	0x0DF9      	RLF        R9, 1
;__Lib_Math.c,231 :: 		
0x00A2	0x0874      	MOVF       R4, 0
;__Lib_Math.c,232 :: 		
0x00A3	0x02F8      	SUBWF      R8, 1
;__Lib_Math.c,233 :: 		
0x00A4	0x0875      	MOVF       R5, 0
;__Lib_Math.c,234 :: 		
0x00A5	0x1C03      	BTFSS      STATUS, 0
;__Lib_Math.c,235 :: 		
0x00A6	0x0F75      	INCFSZ     R5, 0
;__Lib_Math.c,236 :: 		
0x00A7	0x02F9      	SUBWF      R9, 1
;__Lib_Math.c,237 :: 		
0x00A8	0x1803      	BTFSC      STATUS, 0
;__Lib_Math.c,238 :: 		
0x00A9	0x28B1      	GOTO       $+8
;__Lib_Math.c,239 :: 		
0x00AA	0x0874      	MOVF       R4, 0
;__Lib_Math.c,240 :: 		
0x00AB	0x07F8      	ADDWF      R8, 1
;__Lib_Math.c,241 :: 		
0x00AC	0x0875      	MOVF       R5, 0
;__Lib_Math.c,242 :: 		
0x00AD	0x1803      	BTFSC      STATUS, 0
;__Lib_Math.c,243 :: 		
0x00AE	0x0F75      	INCFSZ     R5, 0
;__Lib_Math.c,244 :: 		
0x00AF	0x07F9      	ADDWF      R9, 1
;__Lib_Math.c,245 :: 		
0x00B0	0x1003      	BCF        STATUS, 0
;__Lib_Math.c,246 :: 		
0x00B1	0x0DF0      	RLF        R0, 1
;__Lib_Math.c,247 :: 		
0x00B2	0x0DF1      	RLF        R1, 1
;__Lib_Math.c,248 :: 		
0x00B3	0x0BFC      	DECFSZ     R12, 1
;__Lib_Math.c,249 :: 		
0x00B4	0x289F      	GOTO       $-21
;__Lib_Math.c,251 :: 		
L_end_Div_16X16_U:
0x00B5	0x0008      	RETURN
; end of _Div_16X16_U
_LCD_String:
;MyProject.c,110 :: 		void LCD_String (unsigned char *str) /* Send string to LCD function */
;MyProject.c,112 :: 		while((*str)!=0)
L_LCD_String5:
0x00B6	0x1683      	BSF        STATUS, 5
0x00B7	0x1303      	BCF        STATUS, 6
0x00B8	0x0860      	MOVF       FARG_LCD_String_str, 0
0x00B9	0x0084      	MOVWF      FSR
0x00BA	0x0800      	MOVF       INDF, 0
0x00BB	0x3A00      	XORLW      0
0x00BC	0x1903      	BTFSC      STATUS, 2
0x00BD	0x28C6      	GOTO       L_LCD_String6
;MyProject.c,114 :: 		LCD_Char(*str);
0x00BE	0x0860      	MOVF       FARG_LCD_String_str, 0
0x00BF	0x0084      	MOVWF      FSR
0x00C0	0x0800      	MOVF       INDF, 0
0x00C1	0x00E1      	MOVWF      FARG_LCD_Char_chardata
0x00C2	0x2003      	CALL       _LCD_Char
;MyProject.c,115 :: 		str++;
0x00C3	0x1683      	BSF        STATUS, 5
0x00C4	0x0AE0      	INCF       FARG_LCD_String_str, 1
;MyProject.c,116 :: 		}
0x00C5	0x28B6      	GOTO       L_LCD_String5
L_LCD_String6:
;MyProject.c,117 :: 		}
L_end_LCD_String:
0x00C6	0x0008      	RETURN
; end of _LCD_String
_keyinit:
;MyProject.c,142 :: 		void keyinit()
;MyProject.c,144 :: 		TRISB=0XF0;
0x00C7	0x30F0      	MOVLW      240
0x00C8	0x1683      	BSF        STATUS, 5
0x00C9	0x1303      	BCF        STATUS, 6
0x00CA	0x0086      	MOVWF      TRISB
;MyProject.c,145 :: 		OPTION_REG&=0X7F;   //ENABLE WEAK PULL UP resistors for he keypad
0x00CB	0x307F      	MOVLW      127
0x00CC	0x0581      	ANDWF      OPTION_REG, 1
;MyProject.c,146 :: 		}
L_end_keyinit:
0x00CD	0x0008      	RETURN
; end of _keyinit
_LCD_Initialize:
;MyProject.c,67 :: 		void LCD_Initialize () /* LCD Initialize function */
;MyProject.c,69 :: 		LCD_Port = 0x00;       /*PORT as Output Port*/
0x00CE	0x1683      	BSF        STATUS, 5
0x00CF	0x1303      	BCF        STATUS, 6
0x00D0	0x0188      	CLRF       TRISD
;MyProject.c,70 :: 		delay_ms(20);        /*15ms,16x2 LCD Power on delay*/
0x00D1	0x3034      	MOVLW      52
0x00D2	0x00FC      	MOVWF      R12
0x00D3	0x30F1      	MOVLW      241
0x00D4	0x00FD      	MOVWF      R13
L_LCD_Initialize0:
0x00D5	0x0BFD      	DECFSZ     R13, 1
0x00D6	0x28D5      	GOTO       L_LCD_Initialize0
0x00D7	0x0BFC      	DECFSZ     R12, 1
0x00D8	0x28D5      	GOTO       L_LCD_Initialize0
0x00D9	0x0000      	NOP
0x00DA	0x0000      	NOP
;MyProject.c,72 :: 		for nibble (4-bit) mode */
0x00DB	0x3002      	MOVLW      2
0x00DC	0x00E0      	MOVWF      FARG_LCD_command_cmnd
0x00DD	0x205E      	CALL       _LCD_command
;MyProject.c,74 :: 		initialize 5*8 matrix in (4-bit mode)*/
0x00DE	0x3028      	MOVLW      40
0x00DF	0x1683      	BSF        STATUS, 5
0x00E0	0x00E0      	MOVWF      FARG_LCD_command_cmnd
0x00E1	0x205E      	CALL       _LCD_command
;MyProject.c,75 :: 		LCD_Command(0x01);  /*clear display screen*/
0x00E2	0x3001      	MOVLW      1
0x00E3	0x1683      	BSF        STATUS, 5
0x00E4	0x00E0      	MOVWF      FARG_LCD_command_cmnd
0x00E5	0x205E      	CALL       _LCD_command
;MyProject.c,76 :: 		LCD_Command(0x0c);  /*display on cursor off*/
0x00E6	0x300C      	MOVLW      12
0x00E7	0x1683      	BSF        STATUS, 5
0x00E8	0x00E0      	MOVWF      FARG_LCD_command_cmnd
0x00E9	0x205E      	CALL       _LCD_command
;MyProject.c,77 :: 		LCD_Command(0x06);  /*increment cursor (shift cursor to right)*/
0x00EA	0x3006      	MOVLW      6
0x00EB	0x1683      	BSF        STATUS, 5
0x00EC	0x00E0      	MOVWF      FARG_LCD_command_cmnd
0x00ED	0x205E      	CALL       _LCD_command
;MyProject.c,78 :: 		}
L_end_LCD_Initialize:
0x00EE	0x0008      	RETURN
; end of _LCD_Initialize
_WordToStr:
;__Lib_Conversions.c,98 :: 		
;__Lib_Conversions.c,103 :: 		
0x00EF	0x1683      	BSF        STATUS, 5
0x00F0	0x1303      	BCF        STATUS, 6
0x00F1	0x01DE      	CLRF       WordToStr_len_L0
L_WordToStr11:
0x00F2	0x3005      	MOVLW      5
0x00F3	0x025E      	SUBWF      WordToStr_len_L0, 0
0x00F4	0x1803      	BTFSC      STATUS, 0
0x00F5	0x28FD      	GOTO       L_WordToStr12
;__Lib_Conversions.c,104 :: 		
0x00F6	0x085E      	MOVF       WordToStr_len_L0, 0
0x00F7	0x075D      	ADDWF      FARG_WordToStr_output, 0
0x00F8	0x0084      	MOVWF      FSR
0x00F9	0x3020      	MOVLW      32
0x00FA	0x0080      	MOVWF      INDF
;__Lib_Conversions.c,103 :: 		
0x00FB	0x0ADE      	INCF       WordToStr_len_L0, 1
;__Lib_Conversions.c,104 :: 		
0x00FC	0x28F2      	GOTO       L_WordToStr11
L_WordToStr12:
;__Lib_Conversions.c,105 :: 		
0x00FD	0x085E      	MOVF       WordToStr_len_L0, 0
0x00FE	0x075D      	ADDWF      FARG_WordToStr_output, 0
0x00FF	0x0084      	MOVWF      FSR
0x0100	0x0180      	CLRF       INDF
0x0101	0x03DE      	DECF       WordToStr_len_L0, 1
;__Lib_Conversions.c,107 :: 		
L_WordToStr14:
;__Lib_Conversions.c,108 :: 		
0x0102	0x085E      	MOVF       WordToStr_len_L0, 0
0x0103	0x075D      	ADDWF      FARG_WordToStr_output, 0
0x0104	0x00DF      	MOVWF      FLOC__WordToStr
0x0105	0x300A      	MOVLW      10
0x0106	0x00F4      	MOVWF      R4
0x0107	0x01F5      	CLRF       R4+1
0x0108	0x085B      	MOVF       FARG_WordToStr_input, 0
0x0109	0x00F0      	MOVWF      R0
0x010A	0x085C      	MOVF       FARG_WordToStr_input+1, 0
0x010B	0x00F1      	MOVWF      R0+1
0x010C	0x2099      	CALL       _Div_16X16_U
0x010D	0x0878      	MOVF       R8, 0
0x010E	0x00F0      	MOVWF      R0
0x010F	0x0879      	MOVF       R8+1, 0
0x0110	0x00F1      	MOVWF      R0+1
0x0111	0x3030      	MOVLW      48
0x0112	0x07F0      	ADDWF      R0, 1
0x0113	0x1683      	BSF        STATUS, 5
0x0114	0x085F      	MOVF       FLOC__WordToStr, 0
0x0115	0x0084      	MOVWF      FSR
0x0116	0x0870      	MOVF       R0, 0
0x0117	0x0080      	MOVWF      INDF
;__Lib_Conversions.c,109 :: 		
0x0118	0x300A      	MOVLW      10
0x0119	0x00F4      	MOVWF      R4
0x011A	0x01F5      	CLRF       R4+1
0x011B	0x085B      	MOVF       FARG_WordToStr_input, 0
0x011C	0x00F0      	MOVWF      R0
0x011D	0x085C      	MOVF       FARG_WordToStr_input+1, 0
0x011E	0x00F1      	MOVWF      R0+1
0x011F	0x2099      	CALL       _Div_16X16_U
0x0120	0x0870      	MOVF       R0, 0
0x0121	0x1683      	BSF        STATUS, 5
0x0122	0x00DB      	MOVWF      FARG_WordToStr_input
0x0123	0x0871      	MOVF       R0+1, 0
0x0124	0x00DC      	MOVWF      FARG_WordToStr_input+1
;__Lib_Conversions.c,110 :: 		
0x0125	0x3000      	MOVLW      0
0x0126	0x0671      	XORWF      R0+1, 0
0x0127	0x1D03      	BTFSS      STATUS, 2
0x0128	0x292B      	GOTO       L__WordToStr159
0x0129	0x3000      	MOVLW      0
0x012A	0x0670      	XORWF      R0, 0
L__WordToStr159:
0x012B	0x1D03      	BTFSS      STATUS, 2
0x012C	0x292E      	GOTO       L_WordToStr16
;__Lib_Conversions.c,111 :: 		
0x012D	0x2930      	GOTO       L_WordToStr15
L_WordToStr16:
;__Lib_Conversions.c,112 :: 		
0x012E	0x03DE      	DECF       WordToStr_len_L0, 1
;__Lib_Conversions.c,113 :: 		
0x012F	0x2902      	GOTO       L_WordToStr14
L_WordToStr15:
;__Lib_Conversions.c,114 :: 		
L_end_WordToStr:
0x0130	0x0008      	RETURN
; end of _WordToStr
___CC2DW:
;__Lib_System.c,134 :: 		
;__Lib_System.c,137 :: 		
_CC2D_Loop1:
;__Lib_System.c,139 :: 		
0x0131	0x203E      	CALL       _____DoICP
0x0132	0x118A      	BCF        PCLATH, 3
0x0133	0x120A      	BCF        PCLATH, 4
;__Lib_System.c,141 :: 		
0x0134	0x0080      	MOVWF      INDF
;__Lib_System.c,142 :: 		
0x0135	0x0A84      	INCF       FSR, 1
;__Lib_System.c,143 :: 		
0x0136	0x0AD9      	INCF       ___DoICPAddr, 1
;__Lib_System.c,145 :: 		
0x0137	0x1903      	BTFSC      STATUS, 2
;__Lib_System.c,146 :: 		
0x0138	0x0ADA      	INCF       ___DoICPAddr+1, 1
;__Lib_System.c,147 :: 		
0x0139	0x03F0      	DECF       R0, 1
;__Lib_System.c,149 :: 		
0x013A	0x1D03      	BTFSS      STATUS, 2
;__Lib_System.c,150 :: 		
0x013B	0x2931      	GOTO       _CC2D_Loop1
;__Lib_System.c,152 :: 		
L_end___CC2DW:
0x013C	0x0008      	RETURN
; end of ___CC2DW
_LCD_String_xy:
;MyProject.c,93 :: 		void LCD_String_xy (unsigned char row,unsigned char pos,unsigned char *str) /* Send string to LCD function */
;MyProject.c,95 :: 		location=0;
0x013D	0x1683      	BSF        STATUS, 5
0x013E	0x1303      	BCF        STATUS, 6
0x013F	0x01D8      	CLRF       _location
;MyProject.c,96 :: 		if(row<=1)
0x0140	0x085B      	MOVF       FARG_LCD_String_xy_row, 0
0x0141	0x3C01      	SUBLW      1
0x0142	0x1C03      	BTFSS      STATUS, 0
0x0143	0x294E      	GOTO       L_LCD_String_xy3
;MyProject.c,98 :: 		location=(0x80) | ((pos) & 0x0f);  /*Print message on 1st row and desired location*/
0x0144	0x300F      	MOVLW      15
0x0145	0x055C      	ANDWF      FARG_LCD_String_xy_pos, 0
0x0146	0x00F0      	MOVWF      R0
0x0147	0x17F0      	BSF        R0, 7
0x0148	0x0870      	MOVF       R0, 0
0x0149	0x00D8      	MOVWF      _location
;MyProject.c,99 :: 		LCD_Command(location);
0x014A	0x0870      	MOVF       R0, 0
0x014B	0x00E0      	MOVWF      FARG_LCD_command_cmnd
0x014C	0x205E      	CALL       _LCD_command
;MyProject.c,100 :: 		}
0x014D	0x2959      	GOTO       L_LCD_String_xy4
L_LCD_String_xy3:
;MyProject.c,103 :: 		location=(0xC0) | ((pos) & 0x0f);  /*Print message on 2nd row and desired location*/
0x014E	0x300F      	MOVLW      15
0x014F	0x1683      	BSF        STATUS, 5
0x0150	0x055C      	ANDWF      FARG_LCD_String_xy_pos, 0
0x0151	0x00F0      	MOVWF      R0
0x0152	0x30C0      	MOVLW      192
0x0153	0x04F0      	IORWF      R0, 1
0x0154	0x0870      	MOVF       R0, 0
0x0155	0x00D8      	MOVWF      _location
;MyProject.c,104 :: 		LCD_Command(location);
0x0156	0x0870      	MOVF       R0, 0
0x0157	0x00E0      	MOVWF      FARG_LCD_command_cmnd
0x0158	0x205E      	CALL       _LCD_command
;MyProject.c,105 :: 		}
L_LCD_String_xy4:
;MyProject.c,106 :: 		LCD_String(str);
0x0159	0x1683      	BSF        STATUS, 5
0x015A	0x085D      	MOVF       FARG_LCD_String_xy_str, 0
0x015B	0x00E0      	MOVWF      FARG_LCD_String_str
0x015C	0x20B6      	CALL       _LCD_String
;MyProject.c,108 :: 		}
L_end_LCD_String_xy:
0x015D	0x0008      	RETURN
; end of _LCD_String_xy
_stepper_drive:
;MyProject.c,198 :: 		void stepper_drive (unsigned char direction,unsigned int Wmot){
;MyProject.c,199 :: 		if(Wmot==1)
0x015E	0x3000      	MOVLW      0
0x015F	0x1683      	BSF        STATUS, 5
0x0160	0x1303      	BCF        STATUS, 6
0x0161	0x065D      	XORWF      FARG_stepper_drive_Wmot+1, 0
0x0162	0x1D03      	BTFSS      STATUS, 2
0x0163	0x2966      	GOTO       L__stepper_drive159
0x0164	0x3001      	MOVLW      1
0x0165	0x065C      	XORWF      FARG_stepper_drive_Wmot, 0
L__stepper_drive159:
0x0166	0x1D03      	BTFSS      STATUS, 2
0x0167	0x29A5      	GOTO       L_stepper_drive48
;MyProject.c,201 :: 		if (direction == clockwise){
0x0168	0x085B      	MOVF       FARG_stepper_drive_direction, 0
0x0169	0x3A00      	XORLW      0
0x016A	0x1D03      	BTFSS      STATUS, 2
0x016B	0x29A4      	GOTO       L_stepper_drive49
;MyProject.c,202 :: 		PORTA = 0b00001001;
0x016C	0x3009      	MOVLW      9
0x016D	0x1283      	BCF        STATUS, 5
0x016E	0x0085      	MOVWF      PORTA
;MyProject.c,203 :: 		Delay_ms(speed);
0x016F	0x3006      	MOVLW      6
0x0170	0x00FC      	MOVWF      R12
0x0171	0x3030      	MOVLW      48
0x0172	0x00FD      	MOVWF      R13
L_stepper_drive50:
0x0173	0x0BFD      	DECFSZ     R13, 1
0x0174	0x2973      	GOTO       L_stepper_drive50
0x0175	0x0BFC      	DECFSZ     R12, 1
0x0176	0x2973      	GOTO       L_stepper_drive50
0x0177	0x0000      	NOP
;MyProject.c,204 :: 		PORTA = 0b00001100;
0x0178	0x300C      	MOVLW      12
0x0179	0x0085      	MOVWF      PORTA
;MyProject.c,205 :: 		Delay_ms(speed);
0x017A	0x3006      	MOVLW      6
0x017B	0x00FC      	MOVWF      R12
0x017C	0x3030      	MOVLW      48
0x017D	0x00FD      	MOVWF      R13
L_stepper_drive51:
0x017E	0x0BFD      	DECFSZ     R13, 1
0x017F	0x297E      	GOTO       L_stepper_drive51
0x0180	0x0BFC      	DECFSZ     R12, 1
0x0181	0x297E      	GOTO       L_stepper_drive51
0x0182	0x0000      	NOP
;MyProject.c,206 :: 		PORTA = 0b00000110;
0x0183	0x3006      	MOVLW      6
0x0184	0x0085      	MOVWF      PORTA
;MyProject.c,207 :: 		Delay_ms(speed);
0x0185	0x3006      	MOVLW      6
0x0186	0x00FC      	MOVWF      R12
0x0187	0x3030      	MOVLW      48
0x0188	0x00FD      	MOVWF      R13
L_stepper_drive52:
0x0189	0x0BFD      	DECFSZ     R13, 1
0x018A	0x2989      	GOTO       L_stepper_drive52
0x018B	0x0BFC      	DECFSZ     R12, 1
0x018C	0x2989      	GOTO       L_stepper_drive52
0x018D	0x0000      	NOP
;MyProject.c,208 :: 		PORTA = 0b00000011;
0x018E	0x3003      	MOVLW      3
0x018F	0x0085      	MOVWF      PORTA
;MyProject.c,209 :: 		Delay_ms(speed);
0x0190	0x3006      	MOVLW      6
0x0191	0x00FC      	MOVWF      R12
0x0192	0x3030      	MOVLW      48
0x0193	0x00FD      	MOVWF      R13
L_stepper_drive53:
0x0194	0x0BFD      	DECFSZ     R13, 1
0x0195	0x2994      	GOTO       L_stepper_drive53
0x0196	0x0BFC      	DECFSZ     R12, 1
0x0197	0x2994      	GOTO       L_stepper_drive53
0x0198	0x0000      	NOP
;MyProject.c,210 :: 		PORTA = 0b00001001;
0x0199	0x3009      	MOVLW      9
0x019A	0x0085      	MOVWF      PORTA
;MyProject.c,211 :: 		Delay_ms(speed);
0x019B	0x3006      	MOVLW      6
0x019C	0x00FC      	MOVWF      R12
0x019D	0x3030      	MOVLW      48
0x019E	0x00FD      	MOVWF      R13
L_stepper_drive54:
0x019F	0x0BFD      	DECFSZ     R13, 1
0x01A0	0x299F      	GOTO       L_stepper_drive54
0x01A1	0x0BFC      	DECFSZ     R12, 1
0x01A2	0x299F      	GOTO       L_stepper_drive54
0x01A3	0x0000      	NOP
;MyProject.c,212 :: 		}
L_stepper_drive49:
;MyProject.c,213 :: 		}
0x01A4	0x29EA      	GOTO       L_stepper_drive55
L_stepper_drive48:
;MyProject.c,214 :: 		else if(Wmot==2)
0x01A5	0x3000      	MOVLW      0
0x01A6	0x1683      	BSF        STATUS, 5
0x01A7	0x065D      	XORWF      FARG_stepper_drive_Wmot+1, 0
0x01A8	0x1D03      	BTFSS      STATUS, 2
0x01A9	0x29AC      	GOTO       L__stepper_drive160
0x01AA	0x3002      	MOVLW      2
0x01AB	0x065C      	XORWF      FARG_stepper_drive_Wmot, 0
L__stepper_drive160:
0x01AC	0x1D03      	BTFSS      STATUS, 2
0x01AD	0x29EA      	GOTO       L_stepper_drive56
;MyProject.c,216 :: 		if (direction == clockwise){
0x01AE	0x085B      	MOVF       FARG_stepper_drive_direction, 0
0x01AF	0x3A00      	XORLW      0
0x01B0	0x1D03      	BTFSS      STATUS, 2
0x01B1	0x29EA      	GOTO       L_stepper_drive57
;MyProject.c,217 :: 		PORTC = 0b10010000;
0x01B2	0x3090      	MOVLW      144
0x01B3	0x1283      	BCF        STATUS, 5
0x01B4	0x0087      	MOVWF      PORTC
;MyProject.c,218 :: 		Delay_ms(speed);
0x01B5	0x3006      	MOVLW      6
0x01B6	0x00FC      	MOVWF      R12
0x01B7	0x3030      	MOVLW      48
0x01B8	0x00FD      	MOVWF      R13
L_stepper_drive58:
0x01B9	0x0BFD      	DECFSZ     R13, 1
0x01BA	0x29B9      	GOTO       L_stepper_drive58
0x01BB	0x0BFC      	DECFSZ     R12, 1
0x01BC	0x29B9      	GOTO       L_stepper_drive58
0x01BD	0x0000      	NOP
;MyProject.c,219 :: 		PORTC = 0b11000000;
0x01BE	0x30C0      	MOVLW      192
0x01BF	0x0087      	MOVWF      PORTC
;MyProject.c,220 :: 		Delay_ms(speed);
0x01C0	0x3006      	MOVLW      6
0x01C1	0x00FC      	MOVWF      R12
0x01C2	0x3030      	MOVLW      48
0x01C3	0x00FD      	MOVWF      R13
L_stepper_drive59:
0x01C4	0x0BFD      	DECFSZ     R13, 1
0x01C5	0x29C4      	GOTO       L_stepper_drive59
0x01C6	0x0BFC      	DECFSZ     R12, 1
0x01C7	0x29C4      	GOTO       L_stepper_drive59
0x01C8	0x0000      	NOP
;MyProject.c,221 :: 		PORTC = 0b01100000;
0x01C9	0x3060      	MOVLW      96
0x01CA	0x0087      	MOVWF      PORTC
;MyProject.c,222 :: 		Delay_ms(speed);
0x01CB	0x3006      	MOVLW      6
0x01CC	0x00FC      	MOVWF      R12
0x01CD	0x3030      	MOVLW      48
0x01CE	0x00FD      	MOVWF      R13
L_stepper_drive60:
0x01CF	0x0BFD      	DECFSZ     R13, 1
0x01D0	0x29CF      	GOTO       L_stepper_drive60
0x01D1	0x0BFC      	DECFSZ     R12, 1
0x01D2	0x29CF      	GOTO       L_stepper_drive60
0x01D3	0x0000      	NOP
;MyProject.c,223 :: 		PORTC = 0b00110000;
0x01D4	0x3030      	MOVLW      48
0x01D5	0x0087      	MOVWF      PORTC
;MyProject.c,224 :: 		Delay_ms(speed);
0x01D6	0x3006      	MOVLW      6
0x01D7	0x00FC      	MOVWF      R12
0x01D8	0x3030      	MOVLW      48
0x01D9	0x00FD      	MOVWF      R13
L_stepper_drive61:
0x01DA	0x0BFD      	DECFSZ     R13, 1
0x01DB	0x29DA      	GOTO       L_stepper_drive61
0x01DC	0x0BFC      	DECFSZ     R12, 1
0x01DD	0x29DA      	GOTO       L_stepper_drive61
0x01DE	0x0000      	NOP
;MyProject.c,225 :: 		PORTC = 0b10010000;
0x01DF	0x3090      	MOVLW      144
0x01E0	0x0087      	MOVWF      PORTC
;MyProject.c,226 :: 		Delay_ms(speed);
0x01E1	0x3006      	MOVLW      6
0x01E2	0x00FC      	MOVWF      R12
0x01E3	0x3030      	MOVLW      48
0x01E4	0x00FD      	MOVWF      R13
L_stepper_drive62:
0x01E5	0x0BFD      	DECFSZ     R13, 1
0x01E6	0x29E5      	GOTO       L_stepper_drive62
0x01E7	0x0BFC      	DECFSZ     R12, 1
0x01E8	0x29E5      	GOTO       L_stepper_drive62
0x01E9	0x0000      	NOP
;MyProject.c,227 :: 		}
L_stepper_drive57:
;MyProject.c,228 :: 		}
L_stepper_drive56:
L_stepper_drive55:
;MyProject.c,230 :: 		}
L_end_stepper_drive:
0x01EA	0x0008      	RETURN
; end of _stepper_drive
_LCD_Clear:
;MyProject.c,135 :: 		void LCD_Clear()
;MyProject.c,137 :: 		LCD_Command(0x01);  /*clear display screen*/
0x01EB	0x3001      	MOVLW      1
0x01EC	0x1683      	BSF        STATUS, 5
0x01ED	0x1303      	BCF        STATUS, 6
0x01EE	0x00E0      	MOVWF      FARG_LCD_command_cmnd
0x01EF	0x205E      	CALL       _LCD_command
;MyProject.c,138 :: 		Delay_ms(3);
0x01F0	0x3008      	MOVLW      8
0x01F1	0x00FC      	MOVWF      R12
0x01F2	0x30C9      	MOVLW      201
0x01F3	0x00FD      	MOVWF      R13
L_LCD_Clear9:
0x01F4	0x0BFD      	DECFSZ     R13, 1
0x01F5	0x29F4      	GOTO       L_LCD_Clear9
0x01F6	0x0BFC      	DECFSZ     R12, 1
0x01F7	0x29F4      	GOTO       L_LCD_Clear9
0x01F8	0x0000      	NOP
0x01F9	0x0000      	NOP
;MyProject.c,139 :: 		}
L_end_LCD_Clear:
0x01FA	0x0008      	RETURN
; end of _LCD_Clear
_servo_position:
;MyProject.c,271 :: 		void servo_position(int degrees) {
;MyProject.c,272 :: 		int pulse_width = (degrees + 90) * 8 + 500; // Calculate pulse width (500 to 2400)
0x01FB	0x305A      	MOVLW      90
0x01FC	0x1683      	BSF        STATUS, 5
0x01FD	0x1303      	BCF        STATUS, 6
0x01FE	0x075B      	ADDWF      FARG_servo_position_degrees, 0
0x01FF	0x00F3      	MOVWF      R3
0x0200	0x085C      	MOVF       FARG_servo_position_degrees+1, 0
0x0201	0x1803      	BTFSC      STATUS, 0
0x0202	0x3E01      	ADDLW      1
0x0203	0x00F4      	MOVWF      R3+1
0x0204	0x3003      	MOVLW      3
0x0205	0x00F2      	MOVWF      R2
0x0206	0x0873      	MOVF       R3, 0
0x0207	0x00F0      	MOVWF      R0
0x0208	0x0874      	MOVF       R3+1, 0
0x0209	0x00F1      	MOVWF      R0+1
0x020A	0x0872      	MOVF       R2, 0
L__servo_position167:
0x020B	0x1903      	BTFSC      STATUS, 2
0x020C	0x2A12      	GOTO       L__servo_position168
0x020D	0x0DF0      	RLF        R0, 1
0x020E	0x0DF1      	RLF        R0+1, 1
0x020F	0x1070      	BCF        R0, 0
0x0210	0x3EFF      	ADDLW      255
0x0211	0x2A0B      	GOTO       L__servo_position167
L__servo_position168:
0x0212	0x30F4      	MOVLW      244
0x0213	0x0770      	ADDWF      R0, 0
0x0214	0x00F3      	MOVWF      R3
0x0215	0x0871      	MOVF       R0+1, 0
0x0216	0x1803      	BTFSC      STATUS, 0
0x0217	0x3E01      	ADDLW      1
0x0218	0x3E01      	ADDLW      1
0x0219	0x00F4      	MOVWF      R3+1
;MyProject.c,273 :: 		CCPR1L = pulse_width >> 2; // Set CCPR1L register
0x021A	0x0873      	MOVF       R3, 0
0x021B	0x00F0      	MOVWF      R0
0x021C	0x0874      	MOVF       R3+1, 0
0x021D	0x00F1      	MOVWF      R0+1
0x021E	0x0CF1      	RRF        R0+1, 1
0x021F	0x0CF0      	RRF        R0, 1
0x0220	0x13F1      	BCF        R0+1, 7
0x0221	0x1B71      	BTFSC      R0+1, 6
0x0222	0x17F1      	BSF        R0+1, 7
0x0223	0x0CF1      	RRF        R0+1, 1
0x0224	0x0CF0      	RRF        R0, 1
0x0225	0x13F1      	BCF        R0+1, 7
0x0226	0x1B71      	BTFSC      R0+1, 6
0x0227	0x17F1      	BSF        R0+1, 7
0x0228	0x0870      	MOVF       R0, 0
0x0229	0x1283      	BCF        STATUS, 5
0x022A	0x0095      	MOVWF      CCPR1L
;MyProject.c,274 :: 		CCP1CON = (CCP1CON & 0xCF) | ((pulse_width & 0x03) << 4); // Set CCP1CON register
0x022B	0x30CF      	MOVLW      207
0x022C	0x0517      	ANDWF      CCP1CON, 0
0x022D	0x00F5      	MOVWF      R5
0x022E	0x3003      	MOVLW      3
0x022F	0x0573      	ANDWF      R3, 0
0x0230	0x00F2      	MOVWF      R2
0x0231	0x0872      	MOVF       R2, 0
0x0232	0x00F0      	MOVWF      R0
0x0233	0x0DF0      	RLF        R0, 1
0x0234	0x1070      	BCF        R0, 0
0x0235	0x0DF0      	RLF        R0, 1
0x0236	0x1070      	BCF        R0, 0
0x0237	0x0DF0      	RLF        R0, 1
0x0238	0x1070      	BCF        R0, 0
0x0239	0x0DF0      	RLF        R0, 1
0x023A	0x1070      	BCF        R0, 0
0x023B	0x0870      	MOVF       R0, 0
0x023C	0x0475      	IORWF      R5, 0
0x023D	0x0097      	MOVWF      CCP1CON
;MyProject.c,275 :: 		Delay_ms(50*4); // Delay for the servo to reach the desired position
0x023E	0x3003      	MOVLW      3
0x023F	0x00FB      	MOVWF      R11
0x0240	0x3008      	MOVLW      8
0x0241	0x00FC      	MOVWF      R12
0x0242	0x3077      	MOVLW      119
0x0243	0x00FD      	MOVWF      R13
L_servo_position74:
0x0244	0x0BFD      	DECFSZ     R13, 1
0x0245	0x2A44      	GOTO       L_servo_position74
0x0246	0x0BFC      	DECFSZ     R12, 1
0x0247	0x2A44      	GOTO       L_servo_position74
0x0248	0x0BFB      	DECFSZ     R11, 1
0x0249	0x2A44      	GOTO       L_servo_position74
;MyProject.c,276 :: 		}
L_end_servo_position:
0x024A	0x0008      	RETURN
; end of _servo_position
_key:
;MyProject.c,147 :: 		unsigned char key()
;MyProject.c,149 :: 		PORTB=0X00;
0x024B	0x1283      	BCF        STATUS, 5
0x024C	0x1303      	BCF        STATUS, 6
0x024D	0x0186      	CLRF       PORTB
;MyProject.c,150 :: 		while(!C1||!C2||!C3) {
L_key10:
0x024E	0x1E06      	BTFSS      RB4_bit, BitPos(RB4_bit+0)
0x024F	0x2A55      	GOTO       L__key141
0x0250	0x1E86      	BTFSS      RB5_bit, BitPos(RB5_bit+0)
0x0251	0x2A55      	GOTO       L__key141
0x0252	0x1F06      	BTFSS      RB6_bit, BitPos(RB6_bit+0)
0x0253	0x2A55      	GOTO       L__key141
0x0254	0x2AC3      	GOTO       L_key11
L__key141:
;MyProject.c,151 :: 		R1=0;
0x0255	0x1006      	BCF        RB0_bit, BitPos(RB0_bit+0)
;MyProject.c,152 :: 		R2=R3=R4=1;
0x0256	0x1586      	BSF        RB3_bit, BitPos(RB3_bit+0)
0x0257	0x1986      	BTFSC      RB3_bit, BitPos(RB3_bit+0)
0x0258	0x2A5B      	GOTO       L__key154
0x0259	0x1106      	BCF        RB2_bit, BitPos(RB2_bit+0)
0x025A	0x2A5C      	GOTO       L__key155
L__key154:
0x025B	0x1506      	BSF        RB2_bit, BitPos(RB2_bit+0)
L__key155:
0x025C	0x1906      	BTFSC      RB2_bit, BitPos(RB2_bit+0)
0x025D	0x2A60      	GOTO       L__key156
0x025E	0x1086      	BCF        RB1_bit, BitPos(RB1_bit+0)
0x025F	0x2A61      	GOTO       L__key157
L__key156:
0x0260	0x1486      	BSF        RB1_bit, BitPos(RB1_bit+0)
L__key157:
;MyProject.c,153 :: 		if(!C1||!C2||!C3) {
0x0261	0x1E06      	BTFSS      RB4_bit, BitPos(RB4_bit+0)
0x0262	0x2A68      	GOTO       L__key140
0x0263	0x1E86      	BTFSS      RB5_bit, BitPos(RB5_bit+0)
0x0264	0x2A68      	GOTO       L__key140
0x0265	0x1F06      	BTFSS      RB6_bit, BitPos(RB6_bit+0)
0x0266	0x2A68      	GOTO       L__key140
0x0267	0x2A77      	GOTO       L_key16
L__key140:
;MyProject.c,154 :: 		Delay_ms(100);
0x0268	0x3002      	MOVLW      2
0x0269	0x00FB      	MOVWF      R11
0x026A	0x3004      	MOVLW      4
0x026B	0x00FC      	MOVWF      R12
0x026C	0x30BA      	MOVLW      186
0x026D	0x00FD      	MOVWF      R13
L_key17:
0x026E	0x0BFD      	DECFSZ     R13, 1
0x026F	0x2A6E      	GOTO       L_key17
0x0270	0x0BFC      	DECFSZ     R12, 1
0x0271	0x2A6E      	GOTO       L_key17
0x0272	0x0BFB      	DECFSZ     R11, 1
0x0273	0x2A6E      	GOTO       L_key17
0x0274	0x0000      	NOP
;MyProject.c,155 :: 		rowloc=0;
0x0275	0x01EF      	CLRF       _rowloc
;MyProject.c,156 :: 		break;
0x0276	0x2AC3      	GOTO       L_key11
;MyProject.c,157 :: 		}
L_key16:
;MyProject.c,158 :: 		R2=0;R1=1;
0x0277	0x1086      	BCF        RB1_bit, BitPos(RB1_bit+0)
0x0278	0x1406      	BSF        RB0_bit, BitPos(RB0_bit+0)
;MyProject.c,159 :: 		if(!C1||!C2||!C3) {
0x0279	0x1E06      	BTFSS      RB4_bit, BitPos(RB4_bit+0)
0x027A	0x2A80      	GOTO       L__key139
0x027B	0x1E86      	BTFSS      RB5_bit, BitPos(RB5_bit+0)
0x027C	0x2A80      	GOTO       L__key139
0x027D	0x1F06      	BTFSS      RB6_bit, BitPos(RB6_bit+0)
0x027E	0x2A80      	GOTO       L__key139
0x027F	0x2A90      	GOTO       L_key20
L__key139:
;MyProject.c,160 :: 		Delay_ms(100);
0x0280	0x3002      	MOVLW      2
0x0281	0x00FB      	MOVWF      R11
0x0282	0x3004      	MOVLW      4
0x0283	0x00FC      	MOVWF      R12
0x0284	0x30BA      	MOVLW      186
0x0285	0x00FD      	MOVWF      R13
L_key21:
0x0286	0x0BFD      	DECFSZ     R13, 1
0x0287	0x2A86      	GOTO       L_key21
0x0288	0x0BFC      	DECFSZ     R12, 1
0x0289	0x2A86      	GOTO       L_key21
0x028A	0x0BFB      	DECFSZ     R11, 1
0x028B	0x2A86      	GOTO       L_key21
0x028C	0x0000      	NOP
;MyProject.c,161 :: 		rowloc=1;
0x028D	0x3001      	MOVLW      1
0x028E	0x00EF      	MOVWF      _rowloc
;MyProject.c,162 :: 		break;
0x028F	0x2AC3      	GOTO       L_key11
;MyProject.c,163 :: 		}
L_key20:
;MyProject.c,164 :: 		R3=0;R2=1;
0x0290	0x1106      	BCF        RB2_bit, BitPos(RB2_bit+0)
0x0291	0x1486      	BSF        RB1_bit, BitPos(RB1_bit+0)
;MyProject.c,165 :: 		if(!C1||!C2||!C3) {
0x0292	0x1E06      	BTFSS      RB4_bit, BitPos(RB4_bit+0)
0x0293	0x2A99      	GOTO       L__key138
0x0294	0x1E86      	BTFSS      RB5_bit, BitPos(RB5_bit+0)
0x0295	0x2A99      	GOTO       L__key138
0x0296	0x1F06      	BTFSS      RB6_bit, BitPos(RB6_bit+0)
0x0297	0x2A99      	GOTO       L__key138
0x0298	0x2AA9      	GOTO       L_key24
L__key138:
;MyProject.c,166 :: 		Delay_ms(100);
0x0299	0x3002      	MOVLW      2
0x029A	0x00FB      	MOVWF      R11
0x029B	0x3004      	MOVLW      4
0x029C	0x00FC      	MOVWF      R12
0x029D	0x30BA      	MOVLW      186
0x029E	0x00FD      	MOVWF      R13
L_key25:
0x029F	0x0BFD      	DECFSZ     R13, 1
0x02A0	0x2A9F      	GOTO       L_key25
0x02A1	0x0BFC      	DECFSZ     R12, 1
0x02A2	0x2A9F      	GOTO       L_key25
0x02A3	0x0BFB      	DECFSZ     R11, 1
0x02A4	0x2A9F      	GOTO       L_key25
0x02A5	0x0000      	NOP
;MyProject.c,167 :: 		rowloc=2;
0x02A6	0x3002      	MOVLW      2
0x02A7	0x00EF      	MOVWF      _rowloc
;MyProject.c,168 :: 		break;
0x02A8	0x2AC3      	GOTO       L_key11
;MyProject.c,169 :: 		}
L_key24:
;MyProject.c,170 :: 		R4=0; R3=1;
0x02A9	0x1186      	BCF        RB3_bit, BitPos(RB3_bit+0)
0x02AA	0x1506      	BSF        RB2_bit, BitPos(RB2_bit+0)
;MyProject.c,171 :: 		if(!C1||!C2||!C3){
0x02AB	0x1E06      	BTFSS      RB4_bit, BitPos(RB4_bit+0)
0x02AC	0x2AB2      	GOTO       L__key137
0x02AD	0x1E86      	BTFSS      RB5_bit, BitPos(RB5_bit+0)
0x02AE	0x2AB2      	GOTO       L__key137
0x02AF	0x1F06      	BTFSS      RB6_bit, BitPos(RB6_bit+0)
0x02B0	0x2AB2      	GOTO       L__key137
0x02B1	0x2AC2      	GOTO       L_key28
L__key137:
;MyProject.c,172 :: 		Delay_ms(100);
0x02B2	0x3002      	MOVLW      2
0x02B3	0x00FB      	MOVWF      R11
0x02B4	0x3004      	MOVLW      4
0x02B5	0x00FC      	MOVWF      R12
0x02B6	0x30BA      	MOVLW      186
0x02B7	0x00FD      	MOVWF      R13
L_key29:
0x02B8	0x0BFD      	DECFSZ     R13, 1
0x02B9	0x2AB8      	GOTO       L_key29
0x02BA	0x0BFC      	DECFSZ     R12, 1
0x02BB	0x2AB8      	GOTO       L_key29
0x02BC	0x0BFB      	DECFSZ     R11, 1
0x02BD	0x2AB8      	GOTO       L_key29
0x02BE	0x0000      	NOP
;MyProject.c,173 :: 		rowloc=3;
0x02BF	0x3003      	MOVLW      3
0x02C0	0x00EF      	MOVWF      _rowloc
;MyProject.c,174 :: 		break;
0x02C1	0x2AC3      	GOTO       L_key11
;MyProject.c,175 :: 		}
L_key28:
;MyProject.c,176 :: 		}
0x02C2	0x2A4E      	GOTO       L_key10
L_key11:
;MyProject.c,177 :: 		if(C1==0&&C2!=0&&C3!=0)
0x02C3	0x1A06      	BTFSC      RB4_bit, BitPos(RB4_bit+0)
0x02C4	0x2AD9      	GOTO       L_key32
0x02C5	0x1E86      	BTFSS      RB5_bit, BitPos(RB5_bit+0)
0x02C6	0x2AD9      	GOTO       L_key32
0x02C7	0x1F06      	BTFSS      RB6_bit, BitPos(RB6_bit+0)
0x02C8	0x2AD9      	GOTO       L_key32
L__key136:
;MyProject.c,179 :: 		Delay_ms(100);
0x02C9	0x3002      	MOVLW      2
0x02CA	0x00FB      	MOVWF      R11
0x02CB	0x3004      	MOVLW      4
0x02CC	0x00FC      	MOVWF      R12
0x02CD	0x30BA      	MOVLW      186
0x02CE	0x00FD      	MOVWF      R13
L_key33:
0x02CF	0x0BFD      	DECFSZ     R13, 1
0x02D0	0x2ACF      	GOTO       L_key33
0x02D1	0x0BFC      	DECFSZ     R12, 1
0x02D2	0x2ACF      	GOTO       L_key33
0x02D3	0x0BFB      	DECFSZ     R11, 1
0x02D4	0x2ACF      	GOTO       L_key33
0x02D5	0x0000      	NOP
;MyProject.c,180 :: 		colloc=0;
0x02D6	0x1683      	BSF        STATUS, 5
0x02D7	0x01D4      	CLRF       _colloc
;MyProject.c,181 :: 		}
0x02D8	0x2B08      	GOTO       L_key34
L_key32:
;MyProject.c,182 :: 		else if(C1!=0&&C2==0&&C3!=0)
0x02D9	0x1283      	BCF        STATUS, 5
0x02DA	0x1E06      	BTFSS      RB4_bit, BitPos(RB4_bit+0)
0x02DB	0x2AF1      	GOTO       L_key37
0x02DC	0x1A86      	BTFSC      RB5_bit, BitPos(RB5_bit+0)
0x02DD	0x2AF1      	GOTO       L_key37
0x02DE	0x1F06      	BTFSS      RB6_bit, BitPos(RB6_bit+0)
0x02DF	0x2AF1      	GOTO       L_key37
L__key135:
;MyProject.c,184 :: 		Delay_ms(100);
0x02E0	0x3002      	MOVLW      2
0x02E1	0x00FB      	MOVWF      R11
0x02E2	0x3004      	MOVLW      4
0x02E3	0x00FC      	MOVWF      R12
0x02E4	0x30BA      	MOVLW      186
0x02E5	0x00FD      	MOVWF      R13
L_key38:
0x02E6	0x0BFD      	DECFSZ     R13, 1
0x02E7	0x2AE6      	GOTO       L_key38
0x02E8	0x0BFC      	DECFSZ     R12, 1
0x02E9	0x2AE6      	GOTO       L_key38
0x02EA	0x0BFB      	DECFSZ     R11, 1
0x02EB	0x2AE6      	GOTO       L_key38
0x02EC	0x0000      	NOP
;MyProject.c,185 :: 		colloc=1;
0x02ED	0x3001      	MOVLW      1
0x02EE	0x1683      	BSF        STATUS, 5
0x02EF	0x00D4      	MOVWF      _colloc
;MyProject.c,186 :: 		}
0x02F0	0x2B08      	GOTO       L_key39
L_key37:
;MyProject.c,187 :: 		else if(C1!=0&&C2!=0&&C3==0)
0x02F1	0x1283      	BCF        STATUS, 5
0x02F2	0x1E06      	BTFSS      RB4_bit, BitPos(RB4_bit+0)
0x02F3	0x2B08      	GOTO       L_key42
0x02F4	0x1E86      	BTFSS      RB5_bit, BitPos(RB5_bit+0)
0x02F5	0x2B08      	GOTO       L_key42
0x02F6	0x1B06      	BTFSC      RB6_bit, BitPos(RB6_bit+0)
0x02F7	0x2B08      	GOTO       L_key42
L__key134:
;MyProject.c,189 :: 		Delay_ms(100);
0x02F8	0x3002      	MOVLW      2
0x02F9	0x00FB      	MOVWF      R11
0x02FA	0x3004      	MOVLW      4
0x02FB	0x00FC      	MOVWF      R12
0x02FC	0x30BA      	MOVLW      186
0x02FD	0x00FD      	MOVWF      R13
L_key43:
0x02FE	0x0BFD      	DECFSZ     R13, 1
0x02FF	0x2AFE      	GOTO       L_key43
0x0300	0x0BFC      	DECFSZ     R12, 1
0x0301	0x2AFE      	GOTO       L_key43
0x0302	0x0BFB      	DECFSZ     R11, 1
0x0303	0x2AFE      	GOTO       L_key43
0x0304	0x0000      	NOP
;MyProject.c,190 :: 		colloc=2;
0x0305	0x3002      	MOVLW      2
0x0306	0x1683      	BSF        STATUS, 5
0x0307	0x00D4      	MOVWF      _colloc
;MyProject.c,191 :: 		}
L_key42:
L_key39:
L_key34:
;MyProject.c,193 :: 		while(C1==0||C2==0||C3==0);
L_key44:
0x0308	0x1283      	BCF        STATUS, 5
0x0309	0x1E06      	BTFSS      RB4_bit, BitPos(RB4_bit+0)
0x030A	0x2B10      	GOTO       L__key133
0x030B	0x1E86      	BTFSS      RB5_bit, BitPos(RB5_bit+0)
0x030C	0x2B10      	GOTO       L__key133
0x030D	0x1F06      	BTFSS      RB6_bit, BitPos(RB6_bit+0)
0x030E	0x2B10      	GOTO       L__key133
0x030F	0x2B11      	GOTO       L_key45
L__key133:
0x0310	0x2B08      	GOTO       L_key44
L_key45:
;MyProject.c,194 :: 		return (keypad[rowloc][colloc]);
0x0311	0x3003      	MOVLW      3
0x0312	0x00F0      	MOVWF      R0
0x0313	0x086F      	MOVF       _rowloc, 0
0x0314	0x00F4      	MOVWF      R4
0x0315	0x2045      	CALL       _Mul_8X8_U
0x0316	0x3038      	MOVLW      _keypad
0x0317	0x07F0      	ADDWF      R0, 1
0x0318	0x1683      	BSF        STATUS, 5
0x0319	0x0854      	MOVF       _colloc, 0
0x031A	0x0770      	ADDWF      R0, 0
0x031B	0x0084      	MOVWF      FSR
0x031C	0x0800      	MOVF       INDF, 0
0x031D	0x00F0      	MOVWF      R0
;MyProject.c,195 :: 		}
L_end_key:
0x031E	0x0008      	RETURN
; end of _key
_pwm_init:
;MyProject.c,234 :: 		void pwm_init() {
;MyProject.c,235 :: 		TRISC2_bit = 0; // Set RC2 pin as output
0x031F	0x1683      	BSF        STATUS, 5
0x0320	0x1303      	BCF        STATUS, 6
0x0321	0x1107      	BCF        TRISC2_bit, BitPos(TRISC2_bit+0)
;MyProject.c,236 :: 		CCP1M3_bit = 1; // Configure CCP1 module for PWM
0x0322	0x1283      	BCF        STATUS, 5
0x0323	0x1597      	BSF        CCP1M3_bit, BitPos(CCP1M3_bit+0)
;MyProject.c,237 :: 		CCP1M2_bit = 1;
0x0324	0x1517      	BSF        CCP1M2_bit, BitPos(CCP1M2_bit+0)
;MyProject.c,238 :: 		CCP1M1_bit = 0;
0x0325	0x1097      	BCF        CCP1M1_bit, BitPos(CCP1M1_bit+0)
;MyProject.c,239 :: 		CCP1M0_bit = 0;
0x0326	0x1017      	BCF        CCP1M0_bit, BitPos(CCP1M0_bit+0)
;MyProject.c,240 :: 		CCP1X_bit = 0;
0x0327	0x1297      	BCF        CCP1X_bit, BitPos(CCP1X_bit+0)
;MyProject.c,241 :: 		CCP1Y_bit = 0;
0x0328	0x1217      	BCF        CCP1Y_bit, BitPos(CCP1Y_bit+0)
;MyProject.c,242 :: 		T2CKPS0_bit = 1; // Set Timer2 prescaler to 16
0x0329	0x1412      	BSF        T2CKPS0_bit, BitPos(T2CKPS0_bit+0)
;MyProject.c,243 :: 		T2CKPS1_bit = 1;
0x032A	0x1492      	BSF        T2CKPS1_bit, BitPos(T2CKPS1_bit+0)
;MyProject.c,244 :: 		TMR2ON_bit = 1; // Enable Timer2
0x032B	0x1512      	BSF        TMR2ON_bit, BitPos(TMR2ON_bit+0)
;MyProject.c,245 :: 		PR2 = 249; // Set period register for 50Hz frequency
0x032C	0x30F9      	MOVLW      249
0x032D	0x1683      	BSF        STATUS, 5
0x032E	0x0092      	MOVWF      PR2
;MyProject.c,246 :: 		}
L_end_pwm_init:
0x032F	0x0008      	RETURN
; end of _pwm_init
_main:
0x0330	0x2650      	CALL       1616
;MyProject.c,282 :: 		void main() {
;MyProject.c,284 :: 		pwm_init(); // Initialize PWM module
0x0331	0x231F      	CALL       _pwm_init
;MyProject.c,287 :: 		mstep=0;
0x0332	0x01D2      	CLRF       _mstep
0x0333	0x01D3      	CLRF       _mstep+1
;MyProject.c,289 :: 		ADCON1 = 0x06; // To turn off analog to digital converters (Make all digital)
0x0334	0x3006      	MOVLW      6
0x0335	0x009F      	MOVWF      ADCON1
;MyProject.c,290 :: 		TRISC = 0x00; // PORT C as output port
0x0336	0x0187      	CLRF       TRISC
;MyProject.c,291 :: 		PORTC = 0xFF;// For 2 Stepper motors
0x0337	0x30FF      	MOVLW      255
0x0338	0x1283      	BCF        STATUS, 5
0x0339	0x0087      	MOVWF      PORTC
;MyProject.c,292 :: 		TRISA = 0x00; // PORT A as output port
0x033A	0x1683      	BSF        STATUS, 5
0x033B	0x0185      	CLRF       TRISA
;MyProject.c,293 :: 		PORTA = 0x0F; // For 1 Stepper motors
0x033C	0x300F      	MOVLW      15
0x033D	0x1283      	BCF        STATUS, 5
0x033E	0x0085      	MOVWF      PORTA
;MyProject.c,297 :: 		TRISE = TRISE | 0x03;
0x033F	0x3003      	MOVLW      3
0x0340	0x1683      	BSF        STATUS, 5
0x0341	0x0489      	IORWF      TRISE, 1
;MyProject.c,300 :: 		LCD_Initialize();
0x0342	0x20CE      	CALL       _LCD_Initialize
;MyProject.c,303 :: 		keyinit();
0x0343	0x20C7      	CALL       _keyinit
;MyProject.c,304 :: 		servo_position(0);
0x0344	0x01DB      	CLRF       FARG_servo_position_degrees
0x0345	0x01DC      	CLRF       FARG_servo_position_degrees+1
0x0346	0x21FB      	CALL       _servo_position
;MyProject.c,305 :: 		while(1)
L_main75:
;MyProject.c,307 :: 		LCD_String_xy(2,0,"Balance:");
0x0347	0x3002      	MOVLW      2
0x0348	0x1683      	BSF        STATUS, 5
0x0349	0x00DB      	MOVWF      FARG_LCD_String_xy_row
0x034A	0x01DC      	CLRF       FARG_LCD_String_xy_pos
0x034B	0x3022      	MOVLW      ?lstr1_MyProject
0x034C	0x00DD      	MOVWF      FARG_LCD_String_xy_str
0x034D	0x213D      	CALL       _LCD_String_xy
;MyProject.c,308 :: 		if(bal==0)
0x034E	0x3000      	MOVLW      0
0x034F	0x1283      	BCF        STATUS, 5
0x0350	0x0621      	XORWF      _bal+1, 0
0x0351	0x1D03      	BTFSS      STATUS, 2
0x0352	0x2B55      	GOTO       L__main170
0x0353	0x3000      	MOVLW      0
0x0354	0x0620      	XORWF      _bal, 0
L__main170:
0x0355	0x1D03      	BTFSS      STATUS, 2
0x0356	0x2B6C      	GOTO       L_main77
;MyProject.c,309 :: 		{LCD_char(' ');
0x0357	0x3020      	MOVLW      32
0x0358	0x1683      	BSF        STATUS, 5
0x0359	0x00E1      	MOVWF      FARG_LCD_Char_chardata
0x035A	0x2003      	CALL       _LCD_Char
;MyProject.c,310 :: 		LCD_char(' ');
0x035B	0x3020      	MOVLW      32
0x035C	0x1683      	BSF        STATUS, 5
0x035D	0x00E1      	MOVWF      FARG_LCD_Char_chardata
0x035E	0x2003      	CALL       _LCD_Char
;MyProject.c,311 :: 		LCD_char(' ');
0x035F	0x3020      	MOVLW      32
0x0360	0x1683      	BSF        STATUS, 5
0x0361	0x00E1      	MOVWF      FARG_LCD_Char_chardata
0x0362	0x2003      	CALL       _LCD_Char
;MyProject.c,312 :: 		LCD_char(' ');
0x0363	0x3020      	MOVLW      32
0x0364	0x1683      	BSF        STATUS, 5
0x0365	0x00E1      	MOVWF      FARG_LCD_Char_chardata
0x0366	0x2003      	CALL       _LCD_Char
;MyProject.c,313 :: 		LCD_char('0');}
0x0367	0x3030      	MOVLW      48
0x0368	0x1683      	BSF        STATUS, 5
0x0369	0x00E1      	MOVWF      FARG_LCD_Char_chardata
0x036A	0x2003      	CALL       _LCD_Char
0x036B	0x2B7D      	GOTO       L_main78
L_main77:
;MyProject.c,315 :: 		{WordToStr(bal,balval);
0x036C	0x0820      	MOVF       _bal, 0
0x036D	0x1683      	BSF        STATUS, 5
0x036E	0x00DB      	MOVWF      FARG_WordToStr_input
0x036F	0x1283      	BCF        STATUS, 5
0x0370	0x0821      	MOVF       _bal+1, 0
0x0371	0x1683      	BSF        STATUS, 5
0x0372	0x00DC      	MOVWF      FARG_WordToStr_input+1
0x0373	0x30CC      	MOVLW      _balval
0x0374	0x00DD      	MOVWF      FARG_WordToStr_output
0x0375	0x20EF      	CALL       _WordToStr
;MyProject.c,316 :: 		LCD_String_xy(2,7,balval);}
0x0376	0x3002      	MOVLW      2
0x0377	0x00DB      	MOVWF      FARG_LCD_String_xy_row
0x0378	0x3007      	MOVLW      7
0x0379	0x00DC      	MOVWF      FARG_LCD_String_xy_pos
0x037A	0x30CC      	MOVLW      _balval
0x037B	0x00DD      	MOVWF      FARG_LCD_String_xy_str
0x037C	0x213D      	CALL       _LCD_String_xy
L_main78:
0x037D	0x1683      	BSF        STATUS, 5
;MyProject.c,317 :: 		LCD_String_xy(1,0,"Item(1,2):");//Start from pos 14
0x037E	0x3001      	MOVLW      1
0x037F	0x00DB      	MOVWF      FARG_LCD_String_xy_row
0x0380	0x01DC      	CLRF       FARG_LCD_String_xy_pos
0x0381	0x302D      	MOVLW      ?lstr2_MyProject
0x0382	0x00DD      	MOVWF      FARG_LCD_String_xy_str
0x0383	0x213D      	CALL       _LCD_String_xy
;MyProject.c,318 :: 		LCD_command(0x0F);//Cursor Blinking
0x0384	0x300F      	MOVLW      15
0x0385	0x00E0      	MOVWF      FARG_LCD_command_cmnd
0x0386	0x205E      	CALL       _LCD_command
;MyProject.c,319 :: 		while(C1&&C2&&C3)
L_main79:
0x0387	0x1283      	BCF        STATUS, 5
0x0388	0x1E06      	BTFSS      RB4_bit, BitPos(RB4_bit+0)
0x0389	0x2C0B      	GOTO       L_main80
0x038A	0x1E86      	BTFSS      RB5_bit, BitPos(RB5_bit+0)
0x038B	0x2C0B      	GOTO       L_main80
0x038C	0x1F06      	BTFSS      RB6_bit, BitPos(RB6_bit+0)
0x038D	0x2C0B      	GOTO       L_main80
L__main145:
;MyProject.c,321 :: 		if(IR1==0)
0x038E	0x1889      	BTFSC      PORTE, 1
0x038F	0x2BC5      	GOTO       L_main83
;MyProject.c,323 :: 		bal=bal+5;
0x0390	0x3005      	MOVLW      5
0x0391	0x0720      	ADDWF      _bal, 0
0x0392	0x00F0      	MOVWF      R0
0x0393	0x0821      	MOVF       _bal+1, 0
0x0394	0x1803      	BTFSC      STATUS, 0
0x0395	0x3E01      	ADDLW      1
0x0396	0x00F1      	MOVWF      R0+1
0x0397	0x0870      	MOVF       R0, 0
0x0398	0x00A0      	MOVWF      _bal
0x0399	0x0871      	MOVF       R0+1, 0
0x039A	0x00A1      	MOVWF      _bal+1
;MyProject.c,324 :: 		WordToStr(bal,balval);
0x039B	0x0870      	MOVF       R0, 0
0x039C	0x1683      	BSF        STATUS, 5
0x039D	0x00DB      	MOVWF      FARG_WordToStr_input
0x039E	0x0871      	MOVF       R0+1, 0
0x039F	0x00DC      	MOVWF      FARG_WordToStr_input+1
0x03A0	0x30CC      	MOVLW      _balval
0x03A1	0x00DD      	MOVWF      FARG_WordToStr_output
0x03A2	0x20EF      	CALL       _WordToStr
;MyProject.c,325 :: 		LCD_String_xy(2,7,balval);
0x03A3	0x3002      	MOVLW      2
0x03A4	0x00DB      	MOVWF      FARG_LCD_String_xy_row
0x03A5	0x3007      	MOVLW      7
0x03A6	0x00DC      	MOVWF      FARG_LCD_String_xy_pos
0x03A7	0x30CC      	MOVLW      _balval
0x03A8	0x00DD      	MOVWF      FARG_LCD_String_xy_str
0x03A9	0x213D      	CALL       _LCD_String_xy
;MyProject.c,326 :: 		LCD_String_xy(1,9,":");//For cursor
0x03AA	0x3001      	MOVLW      1
0x03AB	0x00DB      	MOVWF      FARG_LCD_String_xy_row
0x03AC	0x3009      	MOVLW      9
0x03AD	0x00DC      	MOVWF      FARG_LCD_String_xy_pos
0x03AE	0x302B      	MOVLW      ?lstr3_MyProject
0x03AF	0x00DD      	MOVWF      FARG_LCD_String_xy_str
0x03B0	0x213D      	CALL       _LCD_String_xy
;MyProject.c,327 :: 		read=1;
0x03B1	0x3001      	MOVLW      1
0x03B2	0x00B7      	MOVWF      _read
0x03B3	0x3000      	MOVLW      0
0x03B4	0x00B8      	MOVWF      _read+1
;MyProject.c,330 :: 		Delay_ms(1000);
0x03B5	0x300B      	MOVLW      11
0x03B6	0x00FB      	MOVWF      R11
0x03B7	0x3026      	MOVLW      38
0x03B8	0x00FC      	MOVWF      R12
0x03B9	0x305D      	MOVLW      93
0x03BA	0x00FD      	MOVWF      R13
L_main85:
0x03BB	0x0BFD      	DECFSZ     R13, 1
0x03BC	0x2BBB      	GOTO       L_main85
0x03BD	0x0BFC      	DECFSZ     R12, 1
0x03BE	0x2BBB      	GOTO       L_main85
0x03BF	0x0BFB      	DECFSZ     R11, 1
0x03C0	0x2BBB      	GOTO       L_main85
0x03C1	0x0000      	NOP
0x03C2	0x0000      	NOP
;MyProject.c,331 :: 		read=0;
0x03C3	0x01B7      	CLRF       _read
0x03C4	0x01B8      	CLRF       _read+1
;MyProject.c,333 :: 		}
L_main83:
;MyProject.c,335 :: 		if(IR2==0)
0x03C5	0x1283      	BCF        STATUS, 5
0x03C6	0x1809      	BTFSC      PORTE, 0
0x03C7	0x2C0A      	GOTO       L_main86
;MyProject.c,337 :: 		Delay_ms(600);
0x03C8	0x3007      	MOVLW      7
0x03C9	0x00FB      	MOVWF      R11
0x03CA	0x3017      	MOVLW      23
0x03CB	0x00FC      	MOVWF      R12
0x03CC	0x306A      	MOVLW      106
0x03CD	0x00FD      	MOVWF      R13
L_main87:
0x03CE	0x0BFD      	DECFSZ     R13, 1
0x03CF	0x2BCE      	GOTO       L_main87
0x03D0	0x0BFC      	DECFSZ     R12, 1
0x03D1	0x2BCE      	GOTO       L_main87
0x03D2	0x0BFB      	DECFSZ     R11, 1
0x03D3	0x2BCE      	GOTO       L_main87
0x03D4	0x0000      	NOP
;MyProject.c,338 :: 		bal=bal+50;
0x03D5	0x3032      	MOVLW      50
0x03D6	0x0720      	ADDWF      _bal, 0
0x03D7	0x00F0      	MOVWF      R0
0x03D8	0x0821      	MOVF       _bal+1, 0
0x03D9	0x1803      	BTFSC      STATUS, 0
0x03DA	0x3E01      	ADDLW      1
0x03DB	0x00F1      	MOVWF      R0+1
0x03DC	0x0870      	MOVF       R0, 0
0x03DD	0x00A0      	MOVWF      _bal
0x03DE	0x0871      	MOVF       R0+1, 0
0x03DF	0x00A1      	MOVWF      _bal+1
;MyProject.c,339 :: 		WordToStr(bal,balval);
0x03E0	0x0870      	MOVF       R0, 0
0x03E1	0x1683      	BSF        STATUS, 5
0x03E2	0x00DB      	MOVWF      FARG_WordToStr_input
0x03E3	0x0871      	MOVF       R0+1, 0
0x03E4	0x00DC      	MOVWF      FARG_WordToStr_input+1
0x03E5	0x30CC      	MOVLW      _balval
0x03E6	0x00DD      	MOVWF      FARG_WordToStr_output
0x03E7	0x20EF      	CALL       _WordToStr
;MyProject.c,340 :: 		LCD_String_xy(2,7,balval);
0x03E8	0x3002      	MOVLW      2
0x03E9	0x00DB      	MOVWF      FARG_LCD_String_xy_row
0x03EA	0x3007      	MOVLW      7
0x03EB	0x00DC      	MOVWF      FARG_LCD_String_xy_pos
0x03EC	0x30CC      	MOVLW      _balval
0x03ED	0x00DD      	MOVWF      FARG_LCD_String_xy_str
0x03EE	0x213D      	CALL       _LCD_String_xy
;MyProject.c,341 :: 		LCD_String_xy(1,9,":");//For cursor
0x03EF	0x3001      	MOVLW      1
0x03F0	0x00DB      	MOVWF      FARG_LCD_String_xy_row
0x03F1	0x3009      	MOVLW      9
0x03F2	0x00DC      	MOVWF      FARG_LCD_String_xy_pos
0x03F3	0x306D      	MOVLW      ?lstr4_MyProject
0x03F4	0x00DD      	MOVWF      FARG_LCD_String_xy_str
0x03F5	0x213D      	CALL       _LCD_String_xy
;MyProject.c,342 :: 		read=1;
0x03F6	0x3001      	MOVLW      1
0x03F7	0x00B7      	MOVWF      _read
0x03F8	0x3000      	MOVLW      0
0x03F9	0x00B8      	MOVWF      _read+1
;MyProject.c,345 :: 		Delay_ms(1000);
0x03FA	0x300B      	MOVLW      11
0x03FB	0x00FB      	MOVWF      R11
0x03FC	0x3026      	MOVLW      38
0x03FD	0x00FC      	MOVWF      R12
0x03FE	0x305D      	MOVLW      93
0x03FF	0x00FD      	MOVWF      R13
L_main89:
0x0400	0x0BFD      	DECFSZ     R13, 1
0x0401	0x2C00      	GOTO       L_main89
0x0402	0x0BFC      	DECFSZ     R12, 1
0x0403	0x2C00      	GOTO       L_main89
0x0404	0x0BFB      	DECFSZ     R11, 1
0x0405	0x2C00      	GOTO       L_main89
0x0406	0x0000      	NOP
0x0407	0x0000      	NOP
;MyProject.c,346 :: 		read=0;
0x0408	0x01B7      	CLRF       _read
0x0409	0x01B8      	CLRF       _read+1
;MyProject.c,348 :: 		}
L_main86:
;MyProject.c,351 :: 		}
0x040A	0x2B87      	GOTO       L_main79
L_main80:
;MyProject.c,352 :: 		Sel=key();
0x040B	0x224B      	CALL       _key
0x040C	0x0870      	MOVF       R0, 0
0x040D	0x00D7      	MOVWF      _Sel
;MyProject.c,355 :: 		if(Sel=='1'||Sel=='2'||Sel=='3'||Sel=='*')
0x040E	0x0870      	MOVF       R0, 0
0x040F	0x3A31      	XORLW      49
0x0410	0x1903      	BTFSC      STATUS, 2
0x0411	0x2C1F      	GOTO       L__main144
0x0412	0x0857      	MOVF       _Sel, 0
0x0413	0x3A32      	XORLW      50
0x0414	0x1903      	BTFSC      STATUS, 2
0x0415	0x2C1F      	GOTO       L__main144
0x0416	0x0857      	MOVF       _Sel, 0
0x0417	0x3A33      	XORLW      51
0x0418	0x1903      	BTFSC      STATUS, 2
0x0419	0x2C1F      	GOTO       L__main144
0x041A	0x0857      	MOVF       _Sel, 0
0x041B	0x3A2A      	XORLW      42
0x041C	0x1903      	BTFSC      STATUS, 2
0x041D	0x2C1F      	GOTO       L__main144
0x041E	0x2C29      	GOTO       L_main92
L__main144:
;MyProject.c,357 :: 		LCD_String_xy(1,9,":");//Move cursor back to select
0x041F	0x3001      	MOVLW      1
0x0420	0x00DB      	MOVWF      FARG_LCD_String_xy_row
0x0421	0x3009      	MOVLW      9
0x0422	0x00DC      	MOVWF      FARG_LCD_String_xy_pos
0x0423	0x30CA      	MOVLW      ?lstr5_MyProject
0x0424	0x00DD      	MOVWF      FARG_LCD_String_xy_str
0x0425	0x213D      	CALL       _LCD_String_xy
;MyProject.c,358 :: 		LCD_Char(Sel); // Display value on Keypad
0x0426	0x0857      	MOVF       _Sel, 0
0x0427	0x00E1      	MOVWF      FARG_LCD_Char_chardata
0x0428	0x2003      	CALL       _LCD_Char
;MyProject.c,359 :: 		}
L_main92:
;MyProject.c,361 :: 		if(sel=='1')//Item 1
0x0429	0x1683      	BSF        STATUS, 5
0x042A	0x0857      	MOVF       _Sel, 0
0x042B	0x3A31      	XORLW      49
0x042C	0x1D03      	BTFSS      STATUS, 2
0x042D	0x2CF4      	GOTO       L_main93
;MyProject.c,363 :: 		LCD_command(0x0C);//Cursor off
0x042E	0x300C      	MOVLW      12
0x042F	0x00E0      	MOVWF      FARG_LCD_command_cmnd
0x0430	0x205E      	CALL       _LCD_command
;MyProject.c,364 :: 		Delay_ms(500);
0x0431	0x3006      	MOVLW      6
0x0432	0x00FB      	MOVWF      R11
0x0433	0x3013      	MOVLW      19
0x0434	0x00FC      	MOVWF      R12
0x0435	0x30AD      	MOVLW      173
0x0436	0x00FD      	MOVWF      R13
L_main94:
0x0437	0x0BFD      	DECFSZ     R13, 1
0x0438	0x2C37      	GOTO       L_main94
0x0439	0x0BFC      	DECFSZ     R12, 1
0x043A	0x2C37      	GOTO       L_main94
0x043B	0x0BFB      	DECFSZ     R11, 1
0x043C	0x2C37      	GOTO       L_main94
0x043D	0x0000      	NOP
0x043E	0x0000      	NOP
;MyProject.c,365 :: 		LCD_clear();
0x043F	0x21EB      	CALL       _LCD_Clear
;MyProject.c,367 :: 		while(1)
L_main95:
;MyProject.c,369 :: 		LCD_String_xy(1,0,"Item1:5 Piasters");
0x0440	0x3001      	MOVLW      1
0x0441	0x1683      	BSF        STATUS, 5
0x0442	0x00DB      	MOVWF      FARG_LCD_String_xy_row
0x0443	0x01DC      	CLRF       FARG_LCD_String_xy_pos
0x0444	0x30B9      	MOVLW      ?lstr6_MyProject
0x0445	0x00DD      	MOVWF      FARG_LCD_String_xy_str
0x0446	0x213D      	CALL       _LCD_String_xy
;MyProject.c,370 :: 		LCD_String_xy(2,0,"Balance:");
0x0447	0x3002      	MOVLW      2
0x0448	0x00DB      	MOVWF      FARG_LCD_String_xy_row
0x0449	0x01DC      	CLRF       FARG_LCD_String_xy_pos
0x044A	0x30AE      	MOVLW      ?lstr7_MyProject
0x044B	0x00DD      	MOVWF      FARG_LCD_String_xy_str
0x044C	0x213D      	CALL       _LCD_String_xy
;MyProject.c,371 :: 		if(bal==0)
0x044D	0x3000      	MOVLW      0
0x044E	0x1283      	BCF        STATUS, 5
0x044F	0x0621      	XORWF      _bal+1, 0
0x0450	0x1D03      	BTFSS      STATUS, 2
0x0451	0x2C54      	GOTO       L__main171
0x0452	0x3000      	MOVLW      0
0x0453	0x0620      	XORWF      _bal, 0
L__main171:
0x0454	0x1D03      	BTFSS      STATUS, 2
0x0455	0x2C6B      	GOTO       L_main97
;MyProject.c,373 :: 		LCD_char(' ');
0x0456	0x3020      	MOVLW      32
0x0457	0x1683      	BSF        STATUS, 5
0x0458	0x00E1      	MOVWF      FARG_LCD_Char_chardata
0x0459	0x2003      	CALL       _LCD_Char
;MyProject.c,374 :: 		LCD_char(' ');
0x045A	0x3020      	MOVLW      32
0x045B	0x1683      	BSF        STATUS, 5
0x045C	0x00E1      	MOVWF      FARG_LCD_Char_chardata
0x045D	0x2003      	CALL       _LCD_Char
;MyProject.c,375 :: 		LCD_char(' ');
0x045E	0x3020      	MOVLW      32
0x045F	0x1683      	BSF        STATUS, 5
0x0460	0x00E1      	MOVWF      FARG_LCD_Char_chardata
0x0461	0x2003      	CALL       _LCD_Char
;MyProject.c,376 :: 		LCD_char(' ');
0x0462	0x3020      	MOVLW      32
0x0463	0x1683      	BSF        STATUS, 5
0x0464	0x00E1      	MOVWF      FARG_LCD_Char_chardata
0x0465	0x2003      	CALL       _LCD_Char
;MyProject.c,377 :: 		LCD_char('0');}
0x0466	0x3030      	MOVLW      48
0x0467	0x1683      	BSF        STATUS, 5
0x0468	0x00E1      	MOVWF      FARG_LCD_Char_chardata
0x0469	0x2003      	CALL       _LCD_Char
0x046A	0x2C73      	GOTO       L_main98
L_main97:
;MyProject.c,379 :: 		{LCD_String_xy(2,7,balval);}
0x046B	0x3002      	MOVLW      2
0x046C	0x1683      	BSF        STATUS, 5
0x046D	0x00DB      	MOVWF      FARG_LCD_String_xy_row
0x046E	0x3007      	MOVLW      7
0x046F	0x00DC      	MOVWF      FARG_LCD_String_xy_pos
0x0470	0x30CC      	MOVLW      _balval
0x0471	0x00DD      	MOVWF      FARG_LCD_String_xy_str
0x0472	0x213D      	CALL       _LCD_String_xy
L_main98:
;MyProject.c,380 :: 		if(bal>=5)
0x0473	0x3000      	MOVLW      0
0x0474	0x1283      	BCF        STATUS, 5
0x0475	0x0221      	SUBWF      _bal+1, 0
0x0476	0x1D03      	BTFSS      STATUS, 2
0x0477	0x2C7A      	GOTO       L__main172
0x0478	0x3005      	MOVLW      5
0x0479	0x0220      	SUBWF      _bal, 0
L__main172:
0x047A	0x1C03      	BTFSS      STATUS, 0
0x047B	0x2CE1      	GOTO       L_main99
;MyProject.c,382 :: 		Wmotor=1;
0x047C	0x3001      	MOVLW      1
0x047D	0x1683      	BSF        STATUS, 5
0x047E	0x00D5      	MOVWF      _Wmotor
0x047F	0x3000      	MOVLW      0
0x0480	0x00D6      	MOVWF      _Wmotor+1
;MyProject.c,383 :: 		Delay_us(5000);
0x0481	0x300D      	MOVLW      13
0x0482	0x00FC      	MOVWF      R12
0x0483	0x30FB      	MOVLW      251
0x0484	0x00FD      	MOVWF      R13
L_main100:
0x0485	0x0BFD      	DECFSZ     R13, 1
0x0486	0x2C85      	GOTO       L_main100
0x0487	0x0BFC      	DECFSZ     R12, 1
0x0488	0x2C85      	GOTO       L_main100
0x0489	0x0000      	NOP
0x048A	0x0000      	NOP
;MyProject.c,384 :: 		bal=bal-5;
0x048B	0x3005      	MOVLW      5
0x048C	0x1283      	BCF        STATUS, 5
0x048D	0x02A0      	SUBWF      _bal, 1
0x048E	0x1C03      	BTFSS      STATUS, 0
0x048F	0x03A1      	DECF       _bal+1, 1
;MyProject.c,385 :: 		Delay_ms(2500);
0x0490	0x301A      	MOVLW      26
0x0491	0x00FB      	MOVWF      R11
0x0492	0x305E      	MOVLW      94
0x0493	0x00FC      	MOVWF      R12
0x0494	0x306E      	MOVLW      110
0x0495	0x00FD      	MOVWF      R13
L_main101:
0x0496	0x0BFD      	DECFSZ     R13, 1
0x0497	0x2C96      	GOTO       L_main101
0x0498	0x0BFC      	DECFSZ     R12, 1
0x0499	0x2C96      	GOTO       L_main101
0x049A	0x0BFB      	DECFSZ     R11, 1
0x049B	0x2C96      	GOTO       L_main101
0x049C	0x0000      	NOP
;MyProject.c,386 :: 		LCD_clear();
0x049D	0x21EB      	CALL       _LCD_Clear
;MyProject.c,387 :: 		LCD_String_xy(1,0,"Please wait..");
0x049E	0x3001      	MOVLW      1
0x049F	0x1683      	BSF        STATUS, 5
0x04A0	0x00DB      	MOVWF      FARG_LCD_String_xy_row
0x04A1	0x01DC      	CLRF       FARG_LCD_String_xy_pos
0x04A2	0x3044      	MOVLW      ?lstr8_MyProject
0x04A3	0x00DD      	MOVWF      FARG_LCD_String_xy_str
0x04A4	0x213D      	CALL       _LCD_String_xy
;MyProject.c,388 :: 		for (mstep=0;mstep<steps;mstep++)
0x04A5	0x01D2      	CLRF       _mstep
0x04A6	0x01D3      	CLRF       _mstep+1
L_main102:
0x04A7	0x3004      	MOVLW      4
0x04A8	0x0253      	SUBWF      _mstep+1, 0
0x04A9	0x1D03      	BTFSS      STATUS, 2
0x04AA	0x2CAD      	GOTO       L__main173
0x04AB	0x3038      	MOVLW      56
0x04AC	0x0252      	SUBWF      _mstep, 0
L__main173:
0x04AD	0x1803      	BTFSC      STATUS, 0
0x04AE	0x2CBB      	GOTO       L_main103
;MyProject.c,390 :: 		stepper_drive(clockwise,Wmotor);
0x04AF	0x01DB      	CLRF       FARG_stepper_drive_direction
0x04B0	0x0855      	MOVF       _Wmotor, 0
0x04B1	0x00DC      	MOVWF      FARG_stepper_drive_Wmot
0x04B2	0x0856      	MOVF       _Wmotor+1, 0
0x04B3	0x00DD      	MOVWF      FARG_stepper_drive_Wmot+1
0x04B4	0x215E      	CALL       _stepper_drive
;MyProject.c,388 :: 		for (mstep=0;mstep<steps;mstep++)
0x04B5	0x1683      	BSF        STATUS, 5
0x04B6	0x1303      	BCF        STATUS, 6
0x04B7	0x0AD2      	INCF       _mstep, 1
0x04B8	0x1903      	BTFSC      STATUS, 2
0x04B9	0x0AD3      	INCF       _mstep+1, 1
;MyProject.c,391 :: 		}
0x04BA	0x2CA7      	GOTO       L_main102
L_main103:
;MyProject.c,392 :: 		Delay_ms(500);
0x04BB	0x3006      	MOVLW      6
0x04BC	0x00FB      	MOVWF      R11
0x04BD	0x3013      	MOVLW      19
0x04BE	0x00FC      	MOVWF      R12
0x04BF	0x30AD      	MOVLW      173
0x04C0	0x00FD      	MOVWF      R13
L_main105:
0x04C1	0x0BFD      	DECFSZ     R13, 1
0x04C2	0x2CC1      	GOTO       L_main105
0x04C3	0x0BFC      	DECFSZ     R12, 1
0x04C4	0x2CC1      	GOTO       L_main105
0x04C5	0x0BFB      	DECFSZ     R11, 1
0x04C6	0x2CC1      	GOTO       L_main105
0x04C7	0x0000      	NOP
0x04C8	0x0000      	NOP
;MyProject.c,393 :: 		LCD_Clear();
0x04C9	0x21EB      	CALL       _LCD_Clear
;MyProject.c,394 :: 		servo_position(90);
0x04CA	0x305A      	MOVLW      90
0x04CB	0x1683      	BSF        STATUS, 5
0x04CC	0x00DB      	MOVWF      FARG_servo_position_degrees
0x04CD	0x3000      	MOVLW      0
0x04CE	0x00DC      	MOVWF      FARG_servo_position_degrees+1
0x04CF	0x21FB      	CALL       _servo_position
;MyProject.c,395 :: 		Delay_ms(10000);
0x04D0	0x3066      	MOVLW      102
0x04D1	0x00FB      	MOVWF      R11
0x04D2	0x3076      	MOVLW      118
0x04D3	0x00FC      	MOVWF      R12
0x04D4	0x30C1      	MOVLW      193
0x04D5	0x00FD      	MOVWF      R13
L_main106:
0x04D6	0x0BFD      	DECFSZ     R13, 1
0x04D7	0x2CD6      	GOTO       L_main106
0x04D8	0x0BFC      	DECFSZ     R12, 1
0x04D9	0x2CD6      	GOTO       L_main106
0x04DA	0x0BFB      	DECFSZ     R11, 1
0x04DB	0x2CD6      	GOTO       L_main106
;MyProject.c,396 :: 		servo_position(0);
0x04DC	0x1683      	BSF        STATUS, 5
0x04DD	0x01DB      	CLRF       FARG_servo_position_degrees
0x04DE	0x01DC      	CLRF       FARG_servo_position_degrees+1
0x04DF	0x21FB      	CALL       _servo_position
;MyProject.c,398 :: 		break;
0x04E0	0x2CF3      	GOTO       L_main96
;MyProject.c,399 :: 		}
L_main99:
;MyProject.c,400 :: 		PortB=0x00;
0x04E1	0x0186      	CLRF       PORTB
;MyProject.c,401 :: 		while(C1&&C2&&C3);
L_main107:
0x04E2	0x1E06      	BTFSS      RB4_bit, BitPos(RB4_bit+0)
0x04E3	0x2CE9      	GOTO       L_main108
0x04E4	0x1E86      	BTFSS      RB5_bit, BitPos(RB5_bit+0)
0x04E5	0x2CE9      	GOTO       L_main108
0x04E6	0x1F06      	BTFSS      RB6_bit, BitPos(RB6_bit+0)
0x04E7	0x2CE9      	GOTO       L_main108
L__main143:
0x04E8	0x2CE2      	GOTO       L_main107
L_main108:
;MyProject.c,402 :: 		Sel=key();
0x04E9	0x224B      	CALL       _key
0x04EA	0x0870      	MOVF       R0, 0
0x04EB	0x00D7      	MOVWF      _Sel
;MyProject.c,403 :: 		if(sel=='*'){
0x04EC	0x0870      	MOVF       R0, 0
0x04ED	0x3A2A      	XORLW      42
0x04EE	0x1D03      	BTFSS      STATUS, 2
0x04EF	0x2CF2      	GOTO       L_main111
;MyProject.c,404 :: 		LCD_clear();
0x04F0	0x21EB      	CALL       _LCD_Clear
;MyProject.c,405 :: 		break;}
0x04F1	0x2CF3      	GOTO       L_main96
L_main111:
;MyProject.c,406 :: 		}
0x04F2	0x2C40      	GOTO       L_main95
L_main96:
;MyProject.c,407 :: 		}
0x04F3	0x2DBE      	GOTO       L_main112
L_main93:
;MyProject.c,409 :: 		else if (sel=='2')//Item 2
0x04F4	0x1683      	BSF        STATUS, 5
0x04F5	0x0857      	MOVF       _Sel, 0
0x04F6	0x3A32      	XORLW      50
0x04F7	0x1D03      	BTFSS      STATUS, 2
0x04F8	0x2DBE      	GOTO       L_main113
;MyProject.c,411 :: 		LCD_command(0x0C);//Cursor off
0x04F9	0x300C      	MOVLW      12
0x04FA	0x00E0      	MOVWF      FARG_LCD_command_cmnd
0x04FB	0x205E      	CALL       _LCD_command
;MyProject.c,412 :: 		Delay_ms(500);
0x04FC	0x3006      	MOVLW      6
0x04FD	0x00FB      	MOVWF      R11
0x04FE	0x3013      	MOVLW      19
0x04FF	0x00FC      	MOVWF      R12
0x0500	0x30AD      	MOVLW      173
0x0501	0x00FD      	MOVWF      R13
L_main114:
0x0502	0x0BFD      	DECFSZ     R13, 1
0x0503	0x2D02      	GOTO       L_main114
0x0504	0x0BFC      	DECFSZ     R12, 1
0x0505	0x2D02      	GOTO       L_main114
0x0506	0x0BFB      	DECFSZ     R11, 1
0x0507	0x2D02      	GOTO       L_main114
0x0508	0x0000      	NOP
0x0509	0x0000      	NOP
;MyProject.c,413 :: 		LCD_clear();
0x050A	0x21EB      	CALL       _LCD_Clear
;MyProject.c,414 :: 		while(1)
L_main115:
;MyProject.c,416 :: 		LCD_String_xy(1,0,"Item2:50 Piasters");
0x050B	0x3001      	MOVLW      1
0x050C	0x1683      	BSF        STATUS, 5
0x050D	0x00DB      	MOVWF      FARG_LCD_String_xy_row
0x050E	0x01DC      	CLRF       FARG_LCD_String_xy_pos
0x050F	0x3052      	MOVLW      ?lstr9_MyProject
0x0510	0x00DD      	MOVWF      FARG_LCD_String_xy_str
0x0511	0x213D      	CALL       _LCD_String_xy
;MyProject.c,417 :: 		LCD_String_xy(2,0,"Balance:");
0x0512	0x3002      	MOVLW      2
0x0513	0x00DB      	MOVWF      FARG_LCD_String_xy_row
0x0514	0x01DC      	CLRF       FARG_LCD_String_xy_pos
0x0515	0x3064      	MOVLW      ?lstr10_MyProject
0x0516	0x00DD      	MOVWF      FARG_LCD_String_xy_str
0x0517	0x213D      	CALL       _LCD_String_xy
;MyProject.c,418 :: 		if(bal==0)
0x0518	0x3000      	MOVLW      0
0x0519	0x1283      	BCF        STATUS, 5
0x051A	0x0621      	XORWF      _bal+1, 0
0x051B	0x1D03      	BTFSS      STATUS, 2
0x051C	0x2D1F      	GOTO       L__main174
0x051D	0x3000      	MOVLW      0
0x051E	0x0620      	XORWF      _bal, 0
L__main174:
0x051F	0x1D03      	BTFSS      STATUS, 2
0x0520	0x2D36      	GOTO       L_main117
;MyProject.c,420 :: 		LCD_char(' ');
0x0521	0x3020      	MOVLW      32
0x0522	0x1683      	BSF        STATUS, 5
0x0523	0x00E1      	MOVWF      FARG_LCD_Char_chardata
0x0524	0x2003      	CALL       _LCD_Char
;MyProject.c,421 :: 		LCD_char(' ');
0x0525	0x3020      	MOVLW      32
0x0526	0x1683      	BSF        STATUS, 5
0x0527	0x00E1      	MOVWF      FARG_LCD_Char_chardata
0x0528	0x2003      	CALL       _LCD_Char
;MyProject.c,422 :: 		LCD_char(' ');
0x0529	0x3020      	MOVLW      32
0x052A	0x1683      	BSF        STATUS, 5
0x052B	0x00E1      	MOVWF      FARG_LCD_Char_chardata
0x052C	0x2003      	CALL       _LCD_Char
;MyProject.c,423 :: 		LCD_char(' ');
0x052D	0x3020      	MOVLW      32
0x052E	0x1683      	BSF        STATUS, 5
0x052F	0x00E1      	MOVWF      FARG_LCD_Char_chardata
0x0530	0x2003      	CALL       _LCD_Char
;MyProject.c,424 :: 		LCD_char('0');}
0x0531	0x3030      	MOVLW      48
0x0532	0x1683      	BSF        STATUS, 5
0x0533	0x00E1      	MOVWF      FARG_LCD_Char_chardata
0x0534	0x2003      	CALL       _LCD_Char
0x0535	0x2D3E      	GOTO       L_main118
L_main117:
;MyProject.c,426 :: 		{LCD_String_xy(2,7,balval);}
0x0536	0x3002      	MOVLW      2
0x0537	0x1683      	BSF        STATUS, 5
0x0538	0x00DB      	MOVWF      FARG_LCD_String_xy_row
0x0539	0x3007      	MOVLW      7
0x053A	0x00DC      	MOVWF      FARG_LCD_String_xy_pos
0x053B	0x30CC      	MOVLW      _balval
0x053C	0x00DD      	MOVWF      FARG_LCD_String_xy_str
0x053D	0x213D      	CALL       _LCD_String_xy
L_main118:
;MyProject.c,427 :: 		if(bal>=50)
0x053E	0x3000      	MOVLW      0
0x053F	0x1283      	BCF        STATUS, 5
0x0540	0x0221      	SUBWF      _bal+1, 0
0x0541	0x1D03      	BTFSS      STATUS, 2
0x0542	0x2D45      	GOTO       L__main175
0x0543	0x3032      	MOVLW      50
0x0544	0x0220      	SUBWF      _bal, 0
L__main175:
0x0545	0x1C03      	BTFSS      STATUS, 0
0x0546	0x2DAC      	GOTO       L_main119
;MyProject.c,429 :: 		Wmotor=2;
0x0547	0x3002      	MOVLW      2
0x0548	0x1683      	BSF        STATUS, 5
0x0549	0x00D5      	MOVWF      _Wmotor
0x054A	0x3000      	MOVLW      0
0x054B	0x00D6      	MOVWF      _Wmotor+1
;MyProject.c,430 :: 		Delay_us(5000);
0x054C	0x300D      	MOVLW      13
0x054D	0x00FC      	MOVWF      R12
0x054E	0x30FB      	MOVLW      251
0x054F	0x00FD      	MOVWF      R13
L_main120:
0x0550	0x0BFD      	DECFSZ     R13, 1
0x0551	0x2D50      	GOTO       L_main120
0x0552	0x0BFC      	DECFSZ     R12, 1
0x0553	0x2D50      	GOTO       L_main120
0x0554	0x0000      	NOP
0x0555	0x0000      	NOP
;MyProject.c,431 :: 		bal=bal-50;
0x0556	0x3032      	MOVLW      50
0x0557	0x1283      	BCF        STATUS, 5
0x0558	0x02A0      	SUBWF      _bal, 1
0x0559	0x1C03      	BTFSS      STATUS, 0
0x055A	0x03A1      	DECF       _bal+1, 1
;MyProject.c,432 :: 		Delay_ms(2500);
0x055B	0x301A      	MOVLW      26
0x055C	0x00FB      	MOVWF      R11
0x055D	0x305E      	MOVLW      94
0x055E	0x00FC      	MOVWF      R12
0x055F	0x306E      	MOVLW      110
0x0560	0x00FD      	MOVWF      R13
L_main121:
0x0561	0x0BFD      	DECFSZ     R13, 1
0x0562	0x2D61      	GOTO       L_main121
0x0563	0x0BFC      	DECFSZ     R12, 1
0x0564	0x2D61      	GOTO       L_main121
0x0565	0x0BFB      	DECFSZ     R11, 1
0x0566	0x2D61      	GOTO       L_main121
0x0567	0x0000      	NOP
;MyProject.c,433 :: 		LCD_clear();
0x0568	0x21EB      	CALL       _LCD_Clear
;MyProject.c,434 :: 		LCD_String_xy(1,0,"Please wait..");
0x0569	0x3001      	MOVLW      1
0x056A	0x1683      	BSF        STATUS, 5
0x056B	0x00DB      	MOVWF      FARG_LCD_String_xy_row
0x056C	0x01DC      	CLRF       FARG_LCD_String_xy_pos
0x056D	0x30A0      	MOVLW      ?lstr11_MyProject
0x056E	0x00DD      	MOVWF      FARG_LCD_String_xy_str
0x056F	0x213D      	CALL       _LCD_String_xy
;MyProject.c,435 :: 		for (mstep=0;mstep<steps;mstep++)
0x0570	0x01D2      	CLRF       _mstep
0x0571	0x01D3      	CLRF       _mstep+1
L_main122:
0x0572	0x3004      	MOVLW      4
0x0573	0x0253      	SUBWF      _mstep+1, 0
0x0574	0x1D03      	BTFSS      STATUS, 2
0x0575	0x2D78      	GOTO       L__main176
0x0576	0x3038      	MOVLW      56
0x0577	0x0252      	SUBWF      _mstep, 0
L__main176:
0x0578	0x1803      	BTFSC      STATUS, 0
0x0579	0x2D86      	GOTO       L_main123
;MyProject.c,437 :: 		stepper_drive(clockwise,Wmotor);
0x057A	0x01DB      	CLRF       FARG_stepper_drive_direction
0x057B	0x0855      	MOVF       _Wmotor, 0
0x057C	0x00DC      	MOVWF      FARG_stepper_drive_Wmot
0x057D	0x0856      	MOVF       _Wmotor+1, 0
0x057E	0x00DD      	MOVWF      FARG_stepper_drive_Wmot+1
0x057F	0x215E      	CALL       _stepper_drive
;MyProject.c,435 :: 		for (mstep=0;mstep<steps;mstep++)
0x0580	0x1683      	BSF        STATUS, 5
0x0581	0x1303      	BCF        STATUS, 6
0x0582	0x0AD2      	INCF       _mstep, 1
0x0583	0x1903      	BTFSC      STATUS, 2
0x0584	0x0AD3      	INCF       _mstep+1, 1
;MyProject.c,438 :: 		}
0x0585	0x2D72      	GOTO       L_main122
L_main123:
;MyProject.c,439 :: 		Delay_ms(500);
0x0586	0x3006      	MOVLW      6
0x0587	0x00FB      	MOVWF      R11
0x0588	0x3013      	MOVLW      19
0x0589	0x00FC      	MOVWF      R12
0x058A	0x30AD      	MOVLW      173
0x058B	0x00FD      	MOVWF      R13
L_main125:
0x058C	0x0BFD      	DECFSZ     R13, 1
0x058D	0x2D8C      	GOTO       L_main125
0x058E	0x0BFC      	DECFSZ     R12, 1
0x058F	0x2D8C      	GOTO       L_main125
0x0590	0x0BFB      	DECFSZ     R11, 1
0x0591	0x2D8C      	GOTO       L_main125
0x0592	0x0000      	NOP
0x0593	0x0000      	NOP
;MyProject.c,440 :: 		LCD_clear();
0x0594	0x21EB      	CALL       _LCD_Clear
;MyProject.c,441 :: 		servo_position(90);
0x0595	0x305A      	MOVLW      90
0x0596	0x1683      	BSF        STATUS, 5
0x0597	0x00DB      	MOVWF      FARG_servo_position_degrees
0x0598	0x3000      	MOVLW      0
0x0599	0x00DC      	MOVWF      FARG_servo_position_degrees+1
0x059A	0x21FB      	CALL       _servo_position
;MyProject.c,442 :: 		Delay_ms(10000);
0x059B	0x3066      	MOVLW      102
0x059C	0x00FB      	MOVWF      R11
0x059D	0x3076      	MOVLW      118
0x059E	0x00FC      	MOVWF      R12
0x059F	0x30C1      	MOVLW      193
0x05A0	0x00FD      	MOVWF      R13
L_main126:
0x05A1	0x0BFD      	DECFSZ     R13, 1
0x05A2	0x2DA1      	GOTO       L_main126
0x05A3	0x0BFC      	DECFSZ     R12, 1
0x05A4	0x2DA1      	GOTO       L_main126
0x05A5	0x0BFB      	DECFSZ     R11, 1
0x05A6	0x2DA1      	GOTO       L_main126
;MyProject.c,443 :: 		servo_position(0);
0x05A7	0x1683      	BSF        STATUS, 5
0x05A8	0x01DB      	CLRF       FARG_servo_position_degrees
0x05A9	0x01DC      	CLRF       FARG_servo_position_degrees+1
0x05AA	0x21FB      	CALL       _servo_position
;MyProject.c,444 :: 		break;
0x05AB	0x2DBE      	GOTO       L_main116
;MyProject.c,445 :: 		}
L_main119:
;MyProject.c,446 :: 		PortB=0x00;
0x05AC	0x0186      	CLRF       PORTB
;MyProject.c,447 :: 		while(C1&&C2&&C3);
L_main127:
0x05AD	0x1E06      	BTFSS      RB4_bit, BitPos(RB4_bit+0)
0x05AE	0x2DB4      	GOTO       L_main128
0x05AF	0x1E86      	BTFSS      RB5_bit, BitPos(RB5_bit+0)
0x05B0	0x2DB4      	GOTO       L_main128
0x05B1	0x1F06      	BTFSS      RB6_bit, BitPos(RB6_bit+0)
0x05B2	0x2DB4      	GOTO       L_main128
L__main142:
0x05B3	0x2DAD      	GOTO       L_main127
L_main128:
;MyProject.c,448 :: 		Sel=key();
0x05B4	0x224B      	CALL       _key
0x05B5	0x0870      	MOVF       R0, 0
0x05B6	0x00D7      	MOVWF      _Sel
;MyProject.c,449 :: 		if(sel=='*'){
0x05B7	0x0870      	MOVF       R0, 0
0x05B8	0x3A2A      	XORLW      42
0x05B9	0x1D03      	BTFSS      STATUS, 2
0x05BA	0x2DBD      	GOTO       L_main131
;MyProject.c,450 :: 		LCD_clear();
0x05BB	0x21EB      	CALL       _LCD_Clear
;MyProject.c,451 :: 		break;}
0x05BC	0x2DBE      	GOTO       L_main116
L_main131:
;MyProject.c,452 :: 		}
0x05BD	0x2D0B      	GOTO       L_main115
L_main116:
;MyProject.c,453 :: 		}
L_main113:
L_main112:
;MyProject.c,456 :: 		Delay_ms(100);
0x05BE	0x3002      	MOVLW      2
0x05BF	0x00FB      	MOVWF      R11
0x05C0	0x3004      	MOVLW      4
0x05C1	0x00FC      	MOVWF      R12
0x05C2	0x30BA      	MOVLW      186
0x05C3	0x00FD      	MOVWF      R13
L_main132:
0x05C4	0x1283      	BCF        STATUS, 5
0x05C5	0x0BFD      	DECFSZ     R13, 1
0x05C6	0x2DC4      	GOTO       L_main132
0x05C7	0x0BFC      	DECFSZ     R12, 1
0x05C8	0x2DC4      	GOTO       L_main132
0x05C9	0x0BFB      	DECFSZ     R11, 1
0x05CA	0x2DC4      	GOTO       L_main132
0x05CB	0x0000      	NOP
;MyProject.c,457 :: 		PortB=0x00;
0x05CC	0x0186      	CLRF       PORTB
;MyProject.c,458 :: 		}
0x05CD	0x2B47      	GOTO       L_main75
;MyProject.c,460 :: 		}
L_end_main:
0x05CE	0x2DCE      	GOTO       $+0
; end of _main
0x0650	0x3020      	MOVLW      32
0x0651	0x0084      	MOVWF      FSR
0x0652	0x3044      	MOVLW      68
0x0653	0x1283      	BCF        STATUS, 5
0x0654	0x1303      	BCF        STATUS, 6
0x0655	0x00F0      	MOVWF      R0
0x0656	0x30D4      	MOVLW      212
0x0657	0x1683      	BSF        STATUS, 5
0x0658	0x00D9      	MOVWF      ___DoICPAddr
0x0659	0x3005      	MOVLW      5
0x065A	0x00DA      	MOVWF      218
0x065B	0x2131      	CALL       305
0x065C	0x30A0      	MOVLW      160
0x065D	0x0084      	MOVWF      FSR
0x065E	0x300E      	MOVLW      14
0x065F	0x1283      	BCF        STATUS, 5
0x0660	0x00F0      	MOVWF      R0
0x0661	0x302D      	MOVLW      45
0x0662	0x1683      	BSF        STATUS, 5
0x0663	0x00D9      	MOVWF      ___DoICPAddr
0x0664	0x3006      	MOVLW      6
0x0665	0x00DA      	MOVWF      218
0x0666	0x2131      	CALL       305
0x0667	0x3064      	MOVLW      100
0x0668	0x0084      	MOVWF      FSR
0x0669	0x3009      	MOVLW      9
0x066A	0x1283      	BCF        STATUS, 5
0x066B	0x00F0      	MOVWF      R0
0x066C	0x303B      	MOVLW      59
0x066D	0x1683      	BSF        STATUS, 5
0x066E	0x00D9      	MOVWF      ___DoICPAddr
0x066F	0x3006      	MOVLW      6
0x0670	0x00DA      	MOVWF      218
0x0671	0x2131      	CALL       305
0x0672	0x30AE      	MOVLW      174
0x0673	0x0084      	MOVWF      FSR
0x0674	0x3009      	MOVLW      9
0x0675	0x1283      	BCF        STATUS, 5
0x0676	0x00F0      	MOVWF      R0
0x0677	0x3044      	MOVLW      68
0x0678	0x1683      	BSF        STATUS, 5
0x0679	0x00D9      	MOVWF      ___DoICPAddr
0x067A	0x3006      	MOVLW      6
0x067B	0x00DA      	MOVWF      218
0x067C	0x2131      	CALL       305
0x067D	0x306D      	MOVLW      109
0x067E	0x0084      	MOVWF      FSR
0x067F	0x3002      	MOVLW      2
0x0680	0x1283      	BCF        STATUS, 5
0x0681	0x00F0      	MOVWF      R0
0x0682	0x304D      	MOVLW      77
0x0683	0x1683      	BSF        STATUS, 5
0x0684	0x00D9      	MOVWF      ___DoICPAddr
0x0685	0x3006      	MOVLW      6
0x0686	0x00DA      	MOVWF      218
0x0687	0x2131      	CALL       305
0x0688	0x30B7      	MOVLW      183
0x0689	0x0084      	MOVWF      FSR
0x068A	0x3015      	MOVLW      21
0x068B	0x1283      	BCF        STATUS, 5
0x068C	0x00F0      	MOVWF      R0
0x068D	0x3018      	MOVLW      24
0x068E	0x1683      	BSF        STATUS, 5
0x068F	0x00D9      	MOVWF      ___DoICPAddr
0x0690	0x3006      	MOVLW      6
0x0691	0x00DA      	MOVWF      218
0x0692	0x2131      	CALL       305
0x0693	0x0008      	RETURN
;MyProject.c,0 :: ?ICS_bal
0x05D4	0x3400 ;?ICS_bal+0
0x05D5	0x3400 ;?ICS_bal+1
; end of ?ICS_bal
;MyProject.c,0 :: ?ICS?lstr1_MyProject
0x05D6	0x3442 ;?ICS?lstr1_MyProject+0
0x05D7	0x3461 ;?ICS?lstr1_MyProject+1
0x05D8	0x346C ;?ICS?lstr1_MyProject+2
0x05D9	0x3461 ;?ICS?lstr1_MyProject+3
0x05DA	0x346E ;?ICS?lstr1_MyProject+4
0x05DB	0x3463 ;?ICS?lstr1_MyProject+5
0x05DC	0x3465 ;?ICS?lstr1_MyProject+6
0x05DD	0x343A ;?ICS?lstr1_MyProject+7
0x05DE	0x3400 ;?ICS?lstr1_MyProject+8
; end of ?ICS?lstr1_MyProject
;MyProject.c,0 :: ?ICS?lstr3_MyProject
0x05DF	0x343A ;?ICS?lstr3_MyProject+0
0x05E0	0x3400 ;?ICS?lstr3_MyProject+1
; end of ?ICS?lstr3_MyProject
;MyProject.c,0 :: ?ICS?lstr2_MyProject
0x05E1	0x3449 ;?ICS?lstr2_MyProject+0
0x05E2	0x3474 ;?ICS?lstr2_MyProject+1
0x05E3	0x3465 ;?ICS?lstr2_MyProject+2
0x05E4	0x346D ;?ICS?lstr2_MyProject+3
0x05E5	0x3428 ;?ICS?lstr2_MyProject+4
0x05E6	0x3431 ;?ICS?lstr2_MyProject+5
0x05E7	0x342C ;?ICS?lstr2_MyProject+6
0x05E8	0x3432 ;?ICS?lstr2_MyProject+7
0x05E9	0x3429 ;?ICS?lstr2_MyProject+8
0x05EA	0x343A ;?ICS?lstr2_MyProject+9
0x05EB	0x3400 ;?ICS?lstr2_MyProject+10
; end of ?ICS?lstr2_MyProject
;MyProject.c,0 :: ?ICS_keypad
0x05EC	0x3431 ;?ICS_keypad+0
0x05ED	0x3432 ;?ICS_keypad+1
0x05EE	0x3433 ;?ICS_keypad+2
0x05EF	0x3434 ;?ICS_keypad+3
0x05F0	0x3435 ;?ICS_keypad+4
0x05F1	0x3436 ;?ICS_keypad+5
0x05F2	0x3437 ;?ICS_keypad+6
0x05F3	0x3438 ;?ICS_keypad+7
0x05F4	0x3439 ;?ICS_keypad+8
0x05F5	0x342A ;?ICS_keypad+9
0x05F6	0x3430 ;?ICS_keypad+10
0x05F7	0x3423 ;?ICS_keypad+11
; end of ?ICS_keypad
;MyProject.c,0 :: ?ICS?lstr8_MyProject
0x05F8	0x3450 ;?ICS?lstr8_MyProject+0
0x05F9	0x346C ;?ICS?lstr8_MyProject+1
0x05FA	0x3465 ;?ICS?lstr8_MyProject+2
0x05FB	0x3461 ;?ICS?lstr8_MyProject+3
0x05FC	0x3473 ;?ICS?lstr8_MyProject+4
0x05FD	0x3465 ;?ICS?lstr8_MyProject+5
0x05FE	0x3420 ;?ICS?lstr8_MyProject+6
0x05FF	0x3477 ;?ICS?lstr8_MyProject+7
0x0600	0x3461 ;?ICS?lstr8_MyProject+8
0x0601	0x3469 ;?ICS?lstr8_MyProject+9
0x0602	0x3474 ;?ICS?lstr8_MyProject+10
0x0603	0x342E ;?ICS?lstr8_MyProject+11
0x0604	0x342E ;?ICS?lstr8_MyProject+12
0x0605	0x3400 ;?ICS?lstr8_MyProject+13
; end of ?ICS?lstr8_MyProject
;MyProject.c,0 :: ?ICS?lstr9_MyProject
0x0606	0x3449 ;?ICS?lstr9_MyProject+0
0x0607	0x3474 ;?ICS?lstr9_MyProject+1
0x0608	0x3465 ;?ICS?lstr9_MyProject+2
0x0609	0x346D ;?ICS?lstr9_MyProject+3
0x060A	0x3432 ;?ICS?lstr9_MyProject+4
0x060B	0x343A ;?ICS?lstr9_MyProject+5
0x060C	0x3435 ;?ICS?lstr9_MyProject+6
0x060D	0x3430 ;?ICS?lstr9_MyProject+7
0x060E	0x3420 ;?ICS?lstr9_MyProject+8
0x060F	0x3450 ;?ICS?lstr9_MyProject+9
0x0610	0x3469 ;?ICS?lstr9_MyProject+10
0x0611	0x3461 ;?ICS?lstr9_MyProject+11
0x0612	0x3473 ;?ICS?lstr9_MyProject+12
0x0613	0x3474 ;?ICS?lstr9_MyProject+13
0x0614	0x3465 ;?ICS?lstr9_MyProject+14
0x0615	0x3472 ;?ICS?lstr9_MyProject+15
0x0616	0x3473 ;?ICS?lstr9_MyProject+16
0x0617	0x3400 ;?ICS?lstr9_MyProject+17
; end of ?ICS?lstr9_MyProject
;MyProject.c,0 :: ?ICS_read
0x0618	0x3400 ;?ICS_read+0
0x0619	0x3400 ;?ICS_read+1
; end of ?ICS_read
;MyProject.c,0 :: ?ICS?lstr6_MyProject
0x061A	0x3449 ;?ICS?lstr6_MyProject+0
0x061B	0x3474 ;?ICS?lstr6_MyProject+1
0x061C	0x3465 ;?ICS?lstr6_MyProject+2
0x061D	0x346D ;?ICS?lstr6_MyProject+3
0x061E	0x3431 ;?ICS?lstr6_MyProject+4
0x061F	0x343A ;?ICS?lstr6_MyProject+5
0x0620	0x3435 ;?ICS?lstr6_MyProject+6
0x0621	0x3420 ;?ICS?lstr6_MyProject+7
0x0622	0x3450 ;?ICS?lstr6_MyProject+8
0x0623	0x3469 ;?ICS?lstr6_MyProject+9
0x0624	0x3461 ;?ICS?lstr6_MyProject+10
0x0625	0x3473 ;?ICS?lstr6_MyProject+11
0x0626	0x3474 ;?ICS?lstr6_MyProject+12
0x0627	0x3465 ;?ICS?lstr6_MyProject+13
0x0628	0x3472 ;?ICS?lstr6_MyProject+14
0x0629	0x3473 ;?ICS?lstr6_MyProject+15
0x062A	0x3400 ;?ICS?lstr6_MyProject+16
; end of ?ICS?lstr6_MyProject
;MyProject.c,0 :: ?ICS?lstr5_MyProject
0x062B	0x343A ;?ICS?lstr5_MyProject+0
0x062C	0x3400 ;?ICS?lstr5_MyProject+1
; end of ?ICS?lstr5_MyProject
;MyProject.c,0 :: ?ICS?lstr11_MyProject
0x062D	0x3450 ;?ICS?lstr11_MyProject+0
0x062E	0x346C ;?ICS?lstr11_MyProject+1
0x062F	0x3465 ;?ICS?lstr11_MyProject+2
0x0630	0x3461 ;?ICS?lstr11_MyProject+3
0x0631	0x3473 ;?ICS?lstr11_MyProject+4
0x0632	0x3465 ;?ICS?lstr11_MyProject+5
0x0633	0x3420 ;?ICS?lstr11_MyProject+6
0x0634	0x3477 ;?ICS?lstr11_MyProject+7
0x0635	0x3461 ;?ICS?lstr11_MyProject+8
0x0636	0x3469 ;?ICS?lstr11_MyProject+9
0x0637	0x3474 ;?ICS?lstr11_MyProject+10
0x0638	0x342E ;?ICS?lstr11_MyProject+11
0x0639	0x342E ;?ICS?lstr11_MyProject+12
0x063A	0x3400 ;?ICS?lstr11_MyProject+13
; end of ?ICS?lstr11_MyProject
;MyProject.c,0 :: ?ICS?lstr10_MyProject
0x063B	0x3442 ;?ICS?lstr10_MyProject+0
0x063C	0x3461 ;?ICS?lstr10_MyProject+1
0x063D	0x346C ;?ICS?lstr10_MyProject+2
0x063E	0x3461 ;?ICS?lstr10_MyProject+3
0x063F	0x346E ;?ICS?lstr10_MyProject+4
0x0640	0x3463 ;?ICS?lstr10_MyProject+5
0x0641	0x3465 ;?ICS?lstr10_MyProject+6
0x0642	0x343A ;?ICS?lstr10_MyProject+7
0x0643	0x3400 ;?ICS?lstr10_MyProject+8
; end of ?ICS?lstr10_MyProject
;MyProject.c,0 :: ?ICS?lstr7_MyProject
0x0644	0x3442 ;?ICS?lstr7_MyProject+0
0x0645	0x3461 ;?ICS?lstr7_MyProject+1
0x0646	0x346C ;?ICS?lstr7_MyProject+2
0x0647	0x3461 ;?ICS?lstr7_MyProject+3
0x0648	0x346E ;?ICS?lstr7_MyProject+4
0x0649	0x3463 ;?ICS?lstr7_MyProject+5
0x064A	0x3465 ;?ICS?lstr7_MyProject+6
0x064B	0x343A ;?ICS?lstr7_MyProject+7
0x064C	0x3400 ;?ICS?lstr7_MyProject+8
; end of ?ICS?lstr7_MyProject
;MyProject.c,0 :: ?ICS?lstr4_MyProject
0x064D	0x343A ;?ICS?lstr4_MyProject+0
0x064E	0x3400 ;?ICS?lstr4_MyProject+1
; end of ?ICS?lstr4_MyProject
Symbol List:
//** Routines locations **
//ADDRESS    SIZE    PROCEDURE
//----------------------------------------------
0x0003      [59]    _LCD_Char
0x003E       [7]    _____DoICP
0x0045      [25]    _Mul_8X8_U
0x005E      [59]    _LCD_command
0x0099      [29]    _Div_16X16_U
0x00B6      [17]    _LCD_String
0x00C7       [7]    _keyinit
0x00CE      [33]    _LCD_Initialize
0x00EF      [66]    _WordToStr
0x0131      [12]    ___CC2DW
0x013D      [33]    _LCD_String_xy
0x015E     [141]    _stepper_drive
0x01EB      [16]    _LCD_Clear
0x01FB      [80]    _servo_position
0x024B     [212]    _key
0x031F      [17]    _pwm_init
0x0330     [670]    _main
//** Variables locations ** 
//ADDRESS    SIZE    VARIABLE
//----------------------------------------------
0x0000       [1]    INDF
0x0002       [1]    PCL
0x0003       [1]    STATUS
0x0004       [1]    FSR
0x0005       [1]    PORTA
0x0006       [0]    RB1_bit
0x0006       [0]    RB2_bit
0x0006       [1]    PORTB
0x0006       [0]    RB0_bit
0x0006       [0]    RB3_bit
0x0006       [0]    RB6_bit
0x0006       [0]    RB4_bit
0x0006       [0]    RB5_bit
0x0007       [1]    PORTC
0x0008       [0]    RD1_bit
0x0008       [0]    RD0_bit
0x0008       [1]    PORTD
0x0009       [1]    PORTE
0x000A       [1]    PCLATH
0x0012       [0]    T2CKPS0_bit
0x0012       [0]    TMR2ON_bit
0x0012       [0]    T2CKPS1_bit
0x0015       [1]    CCPR1L
0x0017       [0]    CCP1M2_bit
0x0017       [0]    CCP1M1_bit
0x0017       [0]    CCP1M0_bit
0x0017       [0]    CCP1M3_bit
0x0017       [0]    CCP1Y_bit
0x0017       [1]    CCP1CON
0x0017       [0]    CCP1X_bit
0x0020       [2]    _bal
0x0022       [9]    ?lstr1_MyProject
0x002B       [2]    ?lstr3_MyProject
0x002D      [11]    ?lstr2_MyProject
0x0038      [12]    _keypad
0x0044      [14]    ?lstr8_MyProject
0x0052      [18]    ?lstr9_MyProject
0x0064       [9]    ?lstr10_MyProject
0x006D       [2]    ?lstr4_MyProject
0x006F       [1]    _rowloc
0x0070       [1]    R0
0x0071       [1]    R1
0x0072       [1]    R2
0x0073       [1]    R3
0x0074       [1]    R4
0x0075       [1]    R5
0x0076       [1]    R6
0x0077       [1]    R7
0x0078       [1]    R8
0x0079       [1]    R9
0x007A       [1]    R10
0x007B       [1]    R11
0x007C       [1]    R12
0x007D       [1]    R13
0x007E       [1]    R14
0x007F       [1]    R15
0x0081       [1]    OPTION_REG
0x0085       [1]    TRISA
0x0086       [1]    TRISB
0x0087       [1]    TRISC
0x0087       [0]    TRISC2_bit
0x0088       [1]    TRISD
0x0089       [1]    TRISE
0x0092       [1]    PR2
0x009F       [1]    ADCON1
0x00A0      [14]    ?lstr11_MyProject
0x00AE       [9]    ?lstr7_MyProject
0x00B7       [2]    _read
0x00B9      [17]    ?lstr6_MyProject
0x00CA       [2]    ?lstr5_MyProject
0x00CC       [6]    _balval
0x00D2       [2]    _mstep
0x00D4       [1]    _colloc
0x00D5       [2]    _Wmotor
0x00D7       [1]    _Sel
0x00D8       [1]    _location
0x00D9       [2]    ___DoICPAddr
0x00DB       [1]    FARG_stepper_drive_direction
0x00DB       [1]    FARG_LCD_String_xy_row
0x00DB       [2]    FARG_WordToStr_input
0x00DB       [2]    FARG_servo_position_degrees
0x00DC       [2]    FARG_stepper_drive_Wmot
0x00DC       [1]    FARG_LCD_String_xy_pos
0x00DD       [1]    FARG_WordToStr_output
0x00DD       [1]    FARG_LCD_String_xy_str
0x00DE       [1]    WordToStr_len_L0
0x00DF       [1]    FLOC__WordToStr
0x00E0       [1]    FARG_LCD_command_cmnd
0x00E0       [1]    FARG_LCD_String_str
0x00E1       [1]    FARG_LCD_Char_chardata
//** Constants locations ** 
//ADDRESS    SIZE    CONSTANT
//----------------------------------------------
0x05D4       [2]    ?ICS_bal
0x05D6       [9]    ?ICS?lstr1_MyProject
0x05DF       [2]    ?ICS?lstr3_MyProject
0x05E1      [11]    ?ICS?lstr2_MyProject
0x05EC      [12]    ?ICS_keypad
0x05F8      [14]    ?ICS?lstr8_MyProject
0x0606      [18]    ?ICS?lstr9_MyProject
0x0618       [2]    ?ICS_read
0x061A      [17]    ?ICS?lstr6_MyProject
0x062B       [2]    ?ICS?lstr5_MyProject
0x062D      [14]    ?ICS?lstr11_MyProject
0x063B       [9]    ?ICS?lstr10_MyProject
0x0644       [9]    ?ICS?lstr7_MyProject
0x064D       [2]    ?ICS?lstr4_MyProject
